2025-11-27T11:01:42.342+05:30  INFO 21492 --- [UniversityManagementSystem] [main] .d.UniversityManagementSystemApplication : Starting UniversityManagementSystemApplication using Java 21.0.7 with PID 21492 (C:\Users\prera\Desktop\java Programs\UniversityManagementSystem\target\classes started by prera in C:\Users\prera\Desktop\java Programs\UniversityManagementSystem)
2025-11-27T11:01:42.352+05:30  INFO 21492 --- [UniversityManagementSystem] [main] .d.UniversityManagementSystemApplication : No active profile set, falling back to 1 default profile: "default"
2025-11-27T11:01:44.083+05:30  INFO 21492 --- [UniversityManagementSystem] [main] .s.d.r.c.RepositoryConfigurationDelegate : Bootstrapping Spring Data JPA repositories in DEFAULT mode.
2025-11-27T11:01:44.212+05:30  INFO 21492 --- [UniversityManagementSystem] [main] .s.d.r.c.RepositoryConfigurationDelegate : Finished Spring Data repository scanning in 107 ms. Found 5 JPA repository interfaces.
2025-11-27T11:01:44.965+05:30  INFO 21492 --- [UniversityManagementSystem] [main] o.s.b.w.embedded.tomcat.TomcatWebServer  : Tomcat initialized with port 8080 (http)
2025-11-27T11:01:44.986+05:30  INFO 21492 --- [UniversityManagementSystem] [main] o.apache.catalina.core.StandardService   : Starting service [Tomcat]
2025-11-27T11:01:44.986+05:30  INFO 21492 --- [UniversityManagementSystem] [main] o.apache.catalina.core.StandardEngine    : Starting Servlet engine: [Apache Tomcat/10.1.49]
2025-11-27T11:01:45.084+05:30  INFO 21492 --- [UniversityManagementSystem] [main] o.a.c.c.C.[Tomcat].[localhost].[/]       : Initializing Spring embedded WebApplicationContext
2025-11-27T11:01:45.085+05:30  INFO 21492 --- [UniversityManagementSystem] [main] w.s.c.ServletWebServerApplicationContext : Root WebApplicationContext: initialization completed in 2671 ms
2025-11-27T11:01:45.570+05:30  INFO 21492 --- [UniversityManagementSystem] [main] o.hibernate.jpa.internal.util.LogHelper  : HHH000204: Processing PersistenceUnitInfo [name: default]
2025-11-27T11:01:45.695+05:30  INFO 21492 --- [UniversityManagementSystem] [main] org.hibernate.Version                    : HHH000412: Hibernate ORM core version 6.6.36.Final
2025-11-27T11:01:45.755+05:30  INFO 21492 --- [UniversityManagementSystem] [main] o.h.c.internal.RegionFactoryInitiator    : HHH000026: Second-level cache disabled
2025-11-27T11:01:46.240+05:30  INFO 21492 --- [UniversityManagementSystem] [main] o.s.o.j.p.SpringPersistenceUnitInfo      : No LoadTimeWeaver setup: ignoring JPA class transformer
2025-11-27T11:01:46.283+05:30  INFO 21492 --- [UniversityManagementSystem] [main] com.zaxxer.hikari.HikariDataSource       : HikariPool-1 - Starting...
2025-11-27T11:01:46.826+05:30  INFO 21492 --- [UniversityManagementSystem] [main] com.zaxxer.hikari.pool.HikariPool        : HikariPool-1 - Added connection org.postgresql.jdbc.PgConnection@5f1f0ee6
2025-11-27T11:01:46.830+05:30  INFO 21492 --- [UniversityManagementSystem] [main] com.zaxxer.hikari.HikariDataSource       : HikariPool-1 - Start completed.
2025-11-27T11:01:46.938+05:30  WARN 21492 --- [UniversityManagementSystem] [main] org.hibernate.orm.deprecation            : HHH90000025: PostgreSQLDialect does not need to be specified explicitly using 'hibernate.dialect' (remove the property setting and it will be selected by default)
2025-11-27T11:01:46.971+05:30  INFO 21492 --- [UniversityManagementSystem] [main] org.hibernate.orm.connections.pooling    : HHH10001005: Database info:
	Database JDBC URL [Connecting through datasource 'HikariDataSource (HikariPool-1)']
	Database driver: undefined/unknown
	Database version: 17.5
	Autocommit mode: undefined/unknown
	Isolation level: undefined/unknown
	Minimum pool size: undefined/unknown
	Maximum pool size: undefined/unknown
2025-11-27T11:01:48.875+05:30  INFO 21492 --- [UniversityManagementSystem] [main] o.h.e.t.j.p.i.JtaPlatformInitiator       : HHH000489: No JTA platform available (set 'hibernate.transaction.jta.platform' to enable JTA platform integration)
2025-11-27T11:01:49.329+05:30  INFO 21492 --- [UniversityManagementSystem] [main] j.LocalContainerEntityManagerFactoryBean : Initialized JPA EntityManagerFactory for persistence unit 'default'
2025-11-27T11:01:49.926+05:30  WARN 21492 --- [UniversityManagementSystem] [main] JpaBaseConfiguration$JpaWebConfiguration : spring.jpa.open-in-view is enabled by default. Therefore, database queries may be performed during view rendering. Explicitly configure spring.jpa.open-in-view to disable this warning
2025-11-27T11:01:50.797+05:30  INFO 21492 --- [UniversityManagementSystem] [main] o.s.b.a.e.web.EndpointLinksResolver      : Exposing 1 endpoint beneath base path '/actuator'
2025-11-27T11:01:50.940+05:30  INFO 21492 --- [UniversityManagementSystem] [main] o.s.b.w.embedded.tomcat.TomcatWebServer  : Tomcat started on port 8080 (http) with context path '/'
2025-11-27T11:01:50.961+05:30  INFO 21492 --- [UniversityManagementSystem] [main] .d.UniversityManagementSystemApplication : Started UniversityManagementSystemApplication in 9.452 seconds (process running for 10.823)
2025-11-27T11:01:51.671+05:30  INFO 21492 --- [UniversityManagementSystem] [RMI TCP Connection(10)-127.0.0.1] o.a.c.c.C.[Tomcat].[localhost].[/]       : Initializing Spring DispatcherServlet 'dispatcherServlet'
2025-11-27T11:01:51.671+05:30  INFO 21492 --- [UniversityManagementSystem] [RMI TCP Connection(10)-127.0.0.1] o.s.web.servlet.DispatcherServlet        : Initializing Servlet 'dispatcherServlet'
2025-11-27T11:01:51.673+05:30  INFO 21492 --- [UniversityManagementSystem] [RMI TCP Connection(10)-127.0.0.1] o.s.web.servlet.DispatcherServlet        : Completed initialization in 2 ms
2025-11-27T11:02:11.395+05:30 ERROR 21492 --- [UniversityManagementSystem] [http-nio-8080-exec-1] c.example.demo.Service.StudentService    : student name is null
2025-11-27T11:03:06.315+05:30  INFO 21492 --- [UniversityManagementSystem] [http-nio-8080-exec-4] c.example.demo.Service.StudentService    : student data saved successfully
2025-11-27T11:07:49.845+05:30  INFO 21492 --- [UniversityManagementSystem] [RMI TCP Connection(16)-127.0.0.1] inMXBeanRegistrar$SpringApplicationAdmin : Application shutdown requested.
2025-11-27T11:07:49.852+05:30  INFO 21492 --- [UniversityManagementSystem] [RMI TCP Connection(16)-127.0.0.1] o.s.b.w.e.tomcat.GracefulShutdown        : Commencing graceful shutdown. Waiting for active requests to complete
2025-11-27T11:07:49.879+05:30  INFO 21492 --- [UniversityManagementSystem] [tomcat-shutdown] o.s.b.w.e.tomcat.GracefulShutdown        : Graceful shutdown complete
2025-11-27T11:07:49.889+05:30  INFO 21492 --- [UniversityManagementSystem] [RMI TCP Connection(16)-127.0.0.1] j.LocalContainerEntityManagerFactoryBean : Closing JPA EntityManagerFactory for persistence unit 'default'
2025-11-27T11:07:49.893+05:30  INFO 21492 --- [UniversityManagementSystem] [RMI TCP Connection(16)-127.0.0.1] com.zaxxer.hikari.HikariDataSource       : HikariPool-1 - Shutdown initiated...
2025-11-27T11:07:49.900+05:30  INFO 21492 --- [UniversityManagementSystem] [RMI TCP Connection(16)-127.0.0.1] com.zaxxer.hikari.HikariDataSource       : HikariPool-1 - Shutdown completed.
2025-11-27T11:07:53.304+05:30  INFO 4904 --- [UniversityManagementSystem] [main] .d.UniversityManagementSystemApplication : Starting UniversityManagementSystemApplication using Java 21.0.7 with PID 4904 (C:\Users\prera\Desktop\java Programs\UniversityManagementSystem\target\classes started by prera in C:\Users\prera\Desktop\java Programs\UniversityManagementSystem)
2025-11-27T11:07:53.309+05:30  INFO 4904 --- [UniversityManagementSystem] [main] .d.UniversityManagementSystemApplication : No active profile set, falling back to 1 default profile: "default"
2025-11-27T11:07:54.757+05:30  INFO 4904 --- [UniversityManagementSystem] [main] .s.d.r.c.RepositoryConfigurationDelegate : Bootstrapping Spring Data JPA repositories in DEFAULT mode.
2025-11-27T11:07:54.849+05:30  INFO 4904 --- [UniversityManagementSystem] [main] .s.d.r.c.RepositoryConfigurationDelegate : Finished Spring Data repository scanning in 74 ms. Found 5 JPA repository interfaces.
2025-11-27T11:07:55.496+05:30  INFO 4904 --- [UniversityManagementSystem] [main] o.s.b.w.embedded.tomcat.TomcatWebServer  : Tomcat initialized with port 8080 (http)
2025-11-27T11:07:55.531+05:30  INFO 4904 --- [UniversityManagementSystem] [main] o.apache.catalina.core.StandardService   : Starting service [Tomcat]
2025-11-27T11:07:55.532+05:30  INFO 4904 --- [UniversityManagementSystem] [main] o.apache.catalina.core.StandardEngine    : Starting Servlet engine: [Apache Tomcat/10.1.49]
2025-11-27T11:07:55.625+05:30  INFO 4904 --- [UniversityManagementSystem] [main] o.a.c.c.C.[Tomcat].[localhost].[/]       : Initializing Spring embedded WebApplicationContext
2025-11-27T11:07:55.626+05:30  INFO 4904 --- [UniversityManagementSystem] [main] w.s.c.ServletWebServerApplicationContext : Root WebApplicationContext: initialization completed in 2247 ms
2025-11-27T11:07:55.970+05:30  INFO 4904 --- [UniversityManagementSystem] [main] o.hibernate.jpa.internal.util.LogHelper  : HHH000204: Processing PersistenceUnitInfo [name: default]
2025-11-27T11:07:56.032+05:30  INFO 4904 --- [UniversityManagementSystem] [main] org.hibernate.Version                    : HHH000412: Hibernate ORM core version 6.6.36.Final
2025-11-27T11:07:56.069+05:30  INFO 4904 --- [UniversityManagementSystem] [main] o.h.c.internal.RegionFactoryInitiator    : HHH000026: Second-level cache disabled
2025-11-27T11:07:56.427+05:30  INFO 4904 --- [UniversityManagementSystem] [main] o.s.o.j.p.SpringPersistenceUnitInfo      : No LoadTimeWeaver setup: ignoring JPA class transformer
2025-11-27T11:07:56.463+05:30  INFO 4904 --- [UniversityManagementSystem] [main] com.zaxxer.hikari.HikariDataSource       : HikariPool-1 - Starting...
2025-11-27T11:07:56.855+05:30  INFO 4904 --- [UniversityManagementSystem] [main] com.zaxxer.hikari.pool.HikariPool        : HikariPool-1 - Added connection org.postgresql.jdbc.PgConnection@2b974137
2025-11-27T11:07:56.857+05:30  INFO 4904 --- [UniversityManagementSystem] [main] com.zaxxer.hikari.HikariDataSource       : HikariPool-1 - Start completed.
2025-11-27T11:07:56.902+05:30  WARN 4904 --- [UniversityManagementSystem] [main] org.hibernate.orm.deprecation            : HHH90000025: PostgreSQLDialect does not need to be specified explicitly using 'hibernate.dialect' (remove the property setting and it will be selected by default)
2025-11-27T11:07:56.926+05:30  INFO 4904 --- [UniversityManagementSystem] [main] org.hibernate.orm.connections.pooling    : HHH10001005: Database info:
	Database JDBC URL [Connecting through datasource 'HikariDataSource (HikariPool-1)']
	Database driver: undefined/unknown
	Database version: 17.5
	Autocommit mode: undefined/unknown
	Isolation level: undefined/unknown
	Minimum pool size: undefined/unknown
	Maximum pool size: undefined/unknown
2025-11-27T11:07:58.454+05:30  INFO 4904 --- [UniversityManagementSystem] [main] o.h.e.t.j.p.i.JtaPlatformInitiator       : HHH000489: No JTA platform available (set 'hibernate.transaction.jta.platform' to enable JTA platform integration)
2025-11-27T11:07:58.755+05:30  INFO 4904 --- [UniversityManagementSystem] [main] j.LocalContainerEntityManagerFactoryBean : Initialized JPA EntityManagerFactory for persistence unit 'default'
2025-11-27T11:07:59.299+05:30  WARN 4904 --- [UniversityManagementSystem] [main] JpaBaseConfiguration$JpaWebConfiguration : spring.jpa.open-in-view is enabled by default. Therefore, database queries may be performed during view rendering. Explicitly configure spring.jpa.open-in-view to disable this warning
2025-11-27T11:08:00.007+05:30  INFO 4904 --- [UniversityManagementSystem] [main] o.s.b.a.e.web.EndpointLinksResolver      : Exposing 1 endpoint beneath base path '/actuator'
2025-11-27T11:08:00.153+05:30  INFO 4904 --- [UniversityManagementSystem] [main] o.s.b.w.embedded.tomcat.TomcatWebServer  : Tomcat started on port 8080 (http) with context path '/'
2025-11-27T11:08:00.168+05:30  INFO 4904 --- [UniversityManagementSystem] [main] .d.UniversityManagementSystemApplication : Started UniversityManagementSystemApplication in 7.79 seconds (process running for 8.635)
2025-11-27T11:08:00.657+05:30  INFO 4904 --- [UniversityManagementSystem] [RMI TCP Connection(9)-127.0.0.1] o.a.c.c.C.[Tomcat].[localhost].[/]       : Initializing Spring DispatcherServlet 'dispatcherServlet'
2025-11-27T11:08:00.658+05:30  INFO 4904 --- [UniversityManagementSystem] [RMI TCP Connection(9)-127.0.0.1] o.s.web.servlet.DispatcherServlet        : Initializing Servlet 'dispatcherServlet'
2025-11-27T11:08:00.660+05:30  INFO 4904 --- [UniversityManagementSystem] [RMI TCP Connection(9)-127.0.0.1] o.s.web.servlet.DispatcherServlet        : Completed initialization in 2 ms
2025-11-27T11:08:15.239+05:30 ERROR 4904 --- [UniversityManagementSystem] [http-nio-8080-exec-4] c.example.demo.Service.StudentService    : student email is null
2025-11-27T11:08:28.776+05:30 ERROR 4904 --- [UniversityManagementSystem] [http-nio-8080-exec-6] c.example.demo.Service.StudentService    : student name is null
2025-11-27T11:08:55.491+05:30  INFO 4904 --- [UniversityManagementSystem] [http-nio-8080-exec-8] c.example.demo.Service.StudentService    : student data saved successfully
2025-11-27T11:11:14.282+05:30  INFO 4904 --- [UniversityManagementSystem] [RMI TCP Connection(16)-127.0.0.1] inMXBeanRegistrar$SpringApplicationAdmin : Application shutdown requested.
2025-11-27T11:11:14.287+05:30  INFO 4904 --- [UniversityManagementSystem] [RMI TCP Connection(16)-127.0.0.1] o.s.b.w.e.tomcat.GracefulShutdown        : Commencing graceful shutdown. Waiting for active requests to complete
2025-11-27T11:11:14.296+05:30  INFO 4904 --- [UniversityManagementSystem] [tomcat-shutdown] o.s.b.w.e.tomcat.GracefulShutdown        : Graceful shutdown complete
2025-11-27T11:11:14.303+05:30  INFO 4904 --- [UniversityManagementSystem] [RMI TCP Connection(16)-127.0.0.1] j.LocalContainerEntityManagerFactoryBean : Closing JPA EntityManagerFactory for persistence unit 'default'
2025-11-27T11:11:14.306+05:30  INFO 4904 --- [UniversityManagementSystem] [RMI TCP Connection(16)-127.0.0.1] com.zaxxer.hikari.HikariDataSource       : HikariPool-1 - Shutdown initiated...
2025-11-27T11:11:14.318+05:30  INFO 4904 --- [UniversityManagementSystem] [RMI TCP Connection(16)-127.0.0.1] com.zaxxer.hikari.HikariDataSource       : HikariPool-1 - Shutdown completed.
2025-11-27T11:11:17.572+05:30  INFO 18528 --- [UniversityManagementSystem] [main] .d.UniversityManagementSystemApplication : Starting UniversityManagementSystemApplication using Java 21.0.7 with PID 18528 (C:\Users\prera\Desktop\java Programs\UniversityManagementSystem\target\classes started by prera in C:\Users\prera\Desktop\java Programs\UniversityManagementSystem)
2025-11-27T11:11:17.575+05:30  INFO 18528 --- [UniversityManagementSystem] [main] .d.UniversityManagementSystemApplication : No active profile set, falling back to 1 default profile: "default"
2025-11-27T11:11:19.056+05:30  INFO 18528 --- [UniversityManagementSystem] [main] .s.d.r.c.RepositoryConfigurationDelegate : Bootstrapping Spring Data JPA repositories in DEFAULT mode.
2025-11-27T11:11:19.138+05:30  INFO 18528 --- [UniversityManagementSystem] [main] .s.d.r.c.RepositoryConfigurationDelegate : Finished Spring Data repository scanning in 64 ms. Found 5 JPA repository interfaces.
2025-11-27T11:11:19.844+05:30  INFO 18528 --- [UniversityManagementSystem] [main] o.s.b.w.embedded.tomcat.TomcatWebServer  : Tomcat initialized with port 8080 (http)
2025-11-27T11:11:19.871+05:30  INFO 18528 --- [UniversityManagementSystem] [main] o.apache.catalina.core.StandardService   : Starting service [Tomcat]
2025-11-27T11:11:19.872+05:30  INFO 18528 --- [UniversityManagementSystem] [main] o.apache.catalina.core.StandardEngine    : Starting Servlet engine: [Apache Tomcat/10.1.49]
2025-11-27T11:11:19.960+05:30  INFO 18528 --- [UniversityManagementSystem] [main] o.a.c.c.C.[Tomcat].[localhost].[/]       : Initializing Spring embedded WebApplicationContext
2025-11-27T11:11:19.961+05:30  INFO 18528 --- [UniversityManagementSystem] [main] w.s.c.ServletWebServerApplicationContext : Root WebApplicationContext: initialization completed in 2327 ms
2025-11-27T11:11:20.366+05:30  INFO 18528 --- [UniversityManagementSystem] [main] o.hibernate.jpa.internal.util.LogHelper  : HHH000204: Processing PersistenceUnitInfo [name: default]
2025-11-27T11:11:20.450+05:30  INFO 18528 --- [UniversityManagementSystem] [main] org.hibernate.Version                    : HHH000412: Hibernate ORM core version 6.6.36.Final
2025-11-27T11:11:20.514+05:30  INFO 18528 --- [UniversityManagementSystem] [main] o.h.c.internal.RegionFactoryInitiator    : HHH000026: Second-level cache disabled
2025-11-27T11:11:20.916+05:30  INFO 18528 --- [UniversityManagementSystem] [main] o.s.o.j.p.SpringPersistenceUnitInfo      : No LoadTimeWeaver setup: ignoring JPA class transformer
2025-11-27T11:11:20.968+05:30  INFO 18528 --- [UniversityManagementSystem] [main] com.zaxxer.hikari.HikariDataSource       : HikariPool-1 - Starting...
2025-11-27T11:11:21.419+05:30  INFO 18528 --- [UniversityManagementSystem] [main] com.zaxxer.hikari.pool.HikariPool        : HikariPool-1 - Added connection org.postgresql.jdbc.PgConnection@2430cf17
2025-11-27T11:11:21.422+05:30  INFO 18528 --- [UniversityManagementSystem] [main] com.zaxxer.hikari.HikariDataSource       : HikariPool-1 - Start completed.
2025-11-27T11:11:21.485+05:30  WARN 18528 --- [UniversityManagementSystem] [main] org.hibernate.orm.deprecation            : HHH90000025: PostgreSQLDialect does not need to be specified explicitly using 'hibernate.dialect' (remove the property setting and it will be selected by default)
2025-11-27T11:11:21.522+05:30  INFO 18528 --- [UniversityManagementSystem] [main] org.hibernate.orm.connections.pooling    : HHH10001005: Database info:
	Database JDBC URL [Connecting through datasource 'HikariDataSource (HikariPool-1)']
	Database driver: undefined/unknown
	Database version: 17.5
	Autocommit mode: undefined/unknown
	Isolation level: undefined/unknown
	Minimum pool size: undefined/unknown
	Maximum pool size: undefined/unknown
2025-11-27T11:11:23.004+05:30  INFO 18528 --- [UniversityManagementSystem] [main] o.h.e.t.j.p.i.JtaPlatformInitiator       : HHH000489: No JTA platform available (set 'hibernate.transaction.jta.platform' to enable JTA platform integration)
2025-11-27T11:11:23.328+05:30  INFO 18528 --- [UniversityManagementSystem] [main] j.LocalContainerEntityManagerFactoryBean : Initialized JPA EntityManagerFactory for persistence unit 'default'
2025-11-27T11:11:23.913+05:30  WARN 18528 --- [UniversityManagementSystem] [main] JpaBaseConfiguration$JpaWebConfiguration : spring.jpa.open-in-view is enabled by default. Therefore, database queries may be performed during view rendering. Explicitly configure spring.jpa.open-in-view to disable this warning
2025-11-27T11:11:24.724+05:30  INFO 18528 --- [UniversityManagementSystem] [main] o.s.b.a.e.web.EndpointLinksResolver      : Exposing 1 endpoint beneath base path '/actuator'
2025-11-27T11:11:24.848+05:30  INFO 18528 --- [UniversityManagementSystem] [main] o.s.b.w.embedded.tomcat.TomcatWebServer  : Tomcat started on port 8080 (http) with context path '/'
2025-11-27T11:11:24.871+05:30  INFO 18528 --- [UniversityManagementSystem] [main] .d.UniversityManagementSystemApplication : Started UniversityManagementSystemApplication in 8.136 seconds (process running for 9.106)
2025-11-27T11:11:25.466+05:30  INFO 18528 --- [UniversityManagementSystem] [RMI TCP Connection(10)-127.0.0.1] o.a.c.c.C.[Tomcat].[localhost].[/]       : Initializing Spring DispatcherServlet 'dispatcherServlet'
2025-11-27T11:11:25.466+05:30  INFO 18528 --- [UniversityManagementSystem] [RMI TCP Connection(10)-127.0.0.1] o.s.web.servlet.DispatcherServlet        : Initializing Servlet 'dispatcherServlet'
2025-11-27T11:11:25.467+05:30  INFO 18528 --- [UniversityManagementSystem] [RMI TCP Connection(10)-127.0.0.1] o.s.web.servlet.DispatcherServlet        : Completed initialization in 1 ms
2025-11-27T11:12:10.484+05:30  INFO 18528 --- [UniversityManagementSystem] [RMI TCP Connection(12)-127.0.0.1] inMXBeanRegistrar$SpringApplicationAdmin : Application shutdown requested.
2025-11-27T11:12:10.490+05:30  INFO 18528 --- [UniversityManagementSystem] [RMI TCP Connection(12)-127.0.0.1] o.s.b.w.e.tomcat.GracefulShutdown        : Commencing graceful shutdown. Waiting for active requests to complete
2025-11-27T11:12:10.514+05:30  INFO 18528 --- [UniversityManagementSystem] [tomcat-shutdown] o.s.b.w.e.tomcat.GracefulShutdown        : Graceful shutdown complete
2025-11-27T11:12:10.524+05:30  INFO 18528 --- [UniversityManagementSystem] [RMI TCP Connection(12)-127.0.0.1] j.LocalContainerEntityManagerFactoryBean : Closing JPA EntityManagerFactory for persistence unit 'default'
2025-11-27T11:12:10.529+05:30  INFO 18528 --- [UniversityManagementSystem] [RMI TCP Connection(12)-127.0.0.1] com.zaxxer.hikari.HikariDataSource       : HikariPool-1 - Shutdown initiated...
2025-11-27T11:12:10.540+05:30  INFO 18528 --- [UniversityManagementSystem] [RMI TCP Connection(12)-127.0.0.1] com.zaxxer.hikari.HikariDataSource       : HikariPool-1 - Shutdown completed.
2025-11-27T11:12:14.035+05:30  INFO 16456 --- [UniversityManagementSystem] [main] .d.UniversityManagementSystemApplication : Starting UniversityManagementSystemApplication using Java 21.0.7 with PID 16456 (C:\Users\prera\Desktop\java Programs\UniversityManagementSystem\target\classes started by prera in C:\Users\prera\Desktop\java Programs\UniversityManagementSystem)
2025-11-27T11:12:14.039+05:30  INFO 16456 --- [UniversityManagementSystem] [main] .d.UniversityManagementSystemApplication : No active profile set, falling back to 1 default profile: "default"
2025-11-27T11:12:15.303+05:30  INFO 16456 --- [UniversityManagementSystem] [main] .s.d.r.c.RepositoryConfigurationDelegate : Bootstrapping Spring Data JPA repositories in DEFAULT mode.
2025-11-27T11:12:15.380+05:30  INFO 16456 --- [UniversityManagementSystem] [main] .s.d.r.c.RepositoryConfigurationDelegate : Finished Spring Data repository scanning in 66 ms. Found 5 JPA repository interfaces.
2025-11-27T11:12:15.920+05:30  INFO 16456 --- [UniversityManagementSystem] [main] o.s.b.w.embedded.tomcat.TomcatWebServer  : Tomcat initialized with port 8080 (http)
2025-11-27T11:12:15.939+05:30  INFO 16456 --- [UniversityManagementSystem] [main] o.apache.catalina.core.StandardService   : Starting service [Tomcat]
2025-11-27T11:12:15.940+05:30  INFO 16456 --- [UniversityManagementSystem] [main] o.apache.catalina.core.StandardEngine    : Starting Servlet engine: [Apache Tomcat/10.1.49]
2025-11-27T11:12:16.012+05:30  INFO 16456 --- [UniversityManagementSystem] [main] o.a.c.c.C.[Tomcat].[localhost].[/]       : Initializing Spring embedded WebApplicationContext
2025-11-27T11:12:16.013+05:30  INFO 16456 --- [UniversityManagementSystem] [main] w.s.c.ServletWebServerApplicationContext : Root WebApplicationContext: initialization completed in 1902 ms
2025-11-27T11:12:16.414+05:30  INFO 16456 --- [UniversityManagementSystem] [main] o.hibernate.jpa.internal.util.LogHelper  : HHH000204: Processing PersistenceUnitInfo [name: default]
2025-11-27T11:12:16.522+05:30  INFO 16456 --- [UniversityManagementSystem] [main] org.hibernate.Version                    : HHH000412: Hibernate ORM core version 6.6.36.Final
2025-11-27T11:12:16.567+05:30  INFO 16456 --- [UniversityManagementSystem] [main] o.h.c.internal.RegionFactoryInitiator    : HHH000026: Second-level cache disabled
2025-11-27T11:12:16.945+05:30  INFO 16456 --- [UniversityManagementSystem] [main] o.s.o.j.p.SpringPersistenceUnitInfo      : No LoadTimeWeaver setup: ignoring JPA class transformer
2025-11-27T11:12:16.982+05:30  INFO 16456 --- [UniversityManagementSystem] [main] com.zaxxer.hikari.HikariDataSource       : HikariPool-1 - Starting...
2025-11-27T11:12:17.390+05:30  INFO 16456 --- [UniversityManagementSystem] [main] com.zaxxer.hikari.pool.HikariPool        : HikariPool-1 - Added connection org.postgresql.jdbc.PgConnection@13374ca6
2025-11-27T11:12:17.394+05:30  INFO 16456 --- [UniversityManagementSystem] [main] com.zaxxer.hikari.HikariDataSource       : HikariPool-1 - Start completed.
2025-11-27T11:12:17.446+05:30  WARN 16456 --- [UniversityManagementSystem] [main] org.hibernate.orm.deprecation            : HHH90000025: PostgreSQLDialect does not need to be specified explicitly using 'hibernate.dialect' (remove the property setting and it will be selected by default)
2025-11-27T11:12:17.473+05:30  INFO 16456 --- [UniversityManagementSystem] [main] org.hibernate.orm.connections.pooling    : HHH10001005: Database info:
	Database JDBC URL [Connecting through datasource 'HikariDataSource (HikariPool-1)']
	Database driver: undefined/unknown
	Database version: 17.5
	Autocommit mode: undefined/unknown
	Isolation level: undefined/unknown
	Minimum pool size: undefined/unknown
	Maximum pool size: undefined/unknown
2025-11-27T11:12:18.989+05:30  INFO 16456 --- [UniversityManagementSystem] [main] o.h.e.t.j.p.i.JtaPlatformInitiator       : HHH000489: No JTA platform available (set 'hibernate.transaction.jta.platform' to enable JTA platform integration)
2025-11-27T11:12:19.404+05:30  INFO 16456 --- [UniversityManagementSystem] [main] j.LocalContainerEntityManagerFactoryBean : Initialized JPA EntityManagerFactory for persistence unit 'default'
2025-11-27T11:12:20.524+05:30  WARN 16456 --- [UniversityManagementSystem] [main] JpaBaseConfiguration$JpaWebConfiguration : spring.jpa.open-in-view is enabled by default. Therefore, database queries may be performed during view rendering. Explicitly configure spring.jpa.open-in-view to disable this warning
2025-11-27T11:12:21.990+05:30  INFO 16456 --- [UniversityManagementSystem] [main] o.s.b.a.e.web.EndpointLinksResolver      : Exposing 1 endpoint beneath base path '/actuator'
2025-11-27T11:12:22.159+05:30  INFO 16456 --- [UniversityManagementSystem] [main] o.s.b.w.embedded.tomcat.TomcatWebServer  : Tomcat started on port 8080 (http) with context path '/'
2025-11-27T11:12:22.183+05:30  INFO 16456 --- [UniversityManagementSystem] [main] .d.UniversityManagementSystemApplication : Started UniversityManagementSystemApplication in 8.819 seconds (process running for 9.729)
2025-11-27T11:12:22.817+05:30  INFO 16456 --- [UniversityManagementSystem] [RMI TCP Connection(6)-127.0.0.1] o.a.c.c.C.[Tomcat].[localhost].[/]       : Initializing Spring DispatcherServlet 'dispatcherServlet'
2025-11-27T11:12:22.818+05:30  INFO 16456 --- [UniversityManagementSystem] [RMI TCP Connection(6)-127.0.0.1] o.s.web.servlet.DispatcherServlet        : Initializing Servlet 'dispatcherServlet'
2025-11-27T11:12:22.822+05:30  INFO 16456 --- [UniversityManagementSystem] [RMI TCP Connection(6)-127.0.0.1] o.s.web.servlet.DispatcherServlet        : Completed initialization in 2 ms
2025-11-27T11:12:36.277+05:30  INFO 16456 --- [UniversityManagementSystem] [http-nio-8080-exec-2] c.example.demo.Service.StudentService    : getting student by id:4
2025-11-27T11:12:36.507+05:30  INFO 16456 --- [UniversityManagementSystem] [http-nio-8080-exec-2] c.example.demo.Service.StudentService    : student found by id:4
2025-11-27T11:12:45.638+05:30  INFO 16456 --- [UniversityManagementSystem] [http-nio-8080-exec-3] c.example.demo.Service.StudentService    : getting student by id:7
2025-11-27T11:12:45.644+05:30  INFO 16456 --- [UniversityManagementSystem] [http-nio-8080-exec-3] c.example.demo.Service.StudentService    : student found by id:7
2025-11-27T11:13:02.885+05:30  INFO 16456 --- [UniversityManagementSystem] [http-nio-8080-exec-4] c.example.demo.Service.StudentService    : finding student by name:ram
2025-11-27T11:13:02.886+05:30  INFO 16456 --- [UniversityManagementSystem] [http-nio-8080-exec-4] c.example.demo.Service.StudentService    : found student by name:ram
2025-11-27T11:13:40.460+05:30  INFO 16456 --- [UniversityManagementSystem] [RMI TCP Connection(12)-127.0.0.1] inMXBeanRegistrar$SpringApplicationAdmin : Application shutdown requested.
2025-11-27T11:13:40.465+05:30  INFO 16456 --- [UniversityManagementSystem] [RMI TCP Connection(12)-127.0.0.1] o.s.b.w.e.tomcat.GracefulShutdown        : Commencing graceful shutdown. Waiting for active requests to complete
2025-11-27T11:13:40.490+05:30  INFO 16456 --- [UniversityManagementSystem] [tomcat-shutdown] o.s.b.w.e.tomcat.GracefulShutdown        : Graceful shutdown complete
2025-11-27T11:13:40.499+05:30  INFO 16456 --- [UniversityManagementSystem] [RMI TCP Connection(12)-127.0.0.1] j.LocalContainerEntityManagerFactoryBean : Closing JPA EntityManagerFactory for persistence unit 'default'
2025-11-27T11:13:40.503+05:30  INFO 16456 --- [UniversityManagementSystem] [RMI TCP Connection(12)-127.0.0.1] com.zaxxer.hikari.HikariDataSource       : HikariPool-1 - Shutdown initiated...
2025-11-27T11:13:40.509+05:30  INFO 16456 --- [UniversityManagementSystem] [RMI TCP Connection(12)-127.0.0.1] com.zaxxer.hikari.HikariDataSource       : HikariPool-1 - Shutdown completed.
2025-11-27T11:13:43.912+05:30  INFO 15480 --- [UniversityManagementSystem] [main] .d.UniversityManagementSystemApplication : Starting UniversityManagementSystemApplication using Java 21.0.7 with PID 15480 (C:\Users\prera\Desktop\java Programs\UniversityManagementSystem\target\classes started by prera in C:\Users\prera\Desktop\java Programs\UniversityManagementSystem)
2025-11-27T11:13:43.915+05:30  INFO 15480 --- [UniversityManagementSystem] [main] .d.UniversityManagementSystemApplication : No active profile set, falling back to 1 default profile: "default"
2025-11-27T11:13:45.350+05:30  INFO 15480 --- [UniversityManagementSystem] [main] .s.d.r.c.RepositoryConfigurationDelegate : Bootstrapping Spring Data JPA repositories in DEFAULT mode.
2025-11-27T11:13:45.461+05:30  INFO 15480 --- [UniversityManagementSystem] [main] .s.d.r.c.RepositoryConfigurationDelegate : Finished Spring Data repository scanning in 95 ms. Found 5 JPA repository interfaces.
2025-11-27T11:13:46.102+05:30  INFO 15480 --- [UniversityManagementSystem] [main] o.s.b.w.embedded.tomcat.TomcatWebServer  : Tomcat initialized with port 8080 (http)
2025-11-27T11:13:46.129+05:30  INFO 15480 --- [UniversityManagementSystem] [main] o.apache.catalina.core.StandardService   : Starting service [Tomcat]
2025-11-27T11:13:46.129+05:30  INFO 15480 --- [UniversityManagementSystem] [main] o.apache.catalina.core.StandardEngine    : Starting Servlet engine: [Apache Tomcat/10.1.49]
2025-11-27T11:13:46.212+05:30  INFO 15480 --- [UniversityManagementSystem] [main] o.a.c.c.C.[Tomcat].[localhost].[/]       : Initializing Spring embedded WebApplicationContext
2025-11-27T11:13:46.213+05:30  INFO 15480 --- [UniversityManagementSystem] [main] w.s.c.ServletWebServerApplicationContext : Root WebApplicationContext: initialization completed in 2243 ms
2025-11-27T11:13:46.544+05:30  INFO 15480 --- [UniversityManagementSystem] [main] o.hibernate.jpa.internal.util.LogHelper  : HHH000204: Processing PersistenceUnitInfo [name: default]
2025-11-27T11:13:46.603+05:30  INFO 15480 --- [UniversityManagementSystem] [main] org.hibernate.Version                    : HHH000412: Hibernate ORM core version 6.6.36.Final
2025-11-27T11:13:46.652+05:30  INFO 15480 --- [UniversityManagementSystem] [main] o.h.c.internal.RegionFactoryInitiator    : HHH000026: Second-level cache disabled
2025-11-27T11:13:46.987+05:30  INFO 15480 --- [UniversityManagementSystem] [main] o.s.o.j.p.SpringPersistenceUnitInfo      : No LoadTimeWeaver setup: ignoring JPA class transformer
2025-11-27T11:13:47.032+05:30  INFO 15480 --- [UniversityManagementSystem] [main] com.zaxxer.hikari.HikariDataSource       : HikariPool-1 - Starting...
2025-11-27T11:13:47.443+05:30  INFO 15480 --- [UniversityManagementSystem] [main] com.zaxxer.hikari.pool.HikariPool        : HikariPool-1 - Added connection org.postgresql.jdbc.PgConnection@189633f2
2025-11-27T11:13:47.445+05:30  INFO 15480 --- [UniversityManagementSystem] [main] com.zaxxer.hikari.HikariDataSource       : HikariPool-1 - Start completed.
2025-11-27T11:13:47.507+05:30  WARN 15480 --- [UniversityManagementSystem] [main] org.hibernate.orm.deprecation            : HHH90000025: PostgreSQLDialect does not need to be specified explicitly using 'hibernate.dialect' (remove the property setting and it will be selected by default)
2025-11-27T11:13:47.538+05:30  INFO 15480 --- [UniversityManagementSystem] [main] org.hibernate.orm.connections.pooling    : HHH10001005: Database info:
	Database JDBC URL [Connecting through datasource 'HikariDataSource (HikariPool-1)']
	Database driver: undefined/unknown
	Database version: 17.5
	Autocommit mode: undefined/unknown
	Isolation level: undefined/unknown
	Minimum pool size: undefined/unknown
	Maximum pool size: undefined/unknown
2025-11-27T11:13:48.943+05:30  INFO 15480 --- [UniversityManagementSystem] [main] o.h.e.t.j.p.i.JtaPlatformInitiator       : HHH000489: No JTA platform available (set 'hibernate.transaction.jta.platform' to enable JTA platform integration)
2025-11-27T11:13:49.262+05:30  INFO 15480 --- [UniversityManagementSystem] [main] j.LocalContainerEntityManagerFactoryBean : Initialized JPA EntityManagerFactory for persistence unit 'default'
2025-11-27T11:13:49.849+05:30  WARN 15480 --- [UniversityManagementSystem] [main] JpaBaseConfiguration$JpaWebConfiguration : spring.jpa.open-in-view is enabled by default. Therefore, database queries may be performed during view rendering. Explicitly configure spring.jpa.open-in-view to disable this warning
2025-11-27T11:13:50.713+05:30  INFO 15480 --- [UniversityManagementSystem] [main] o.s.b.a.e.web.EndpointLinksResolver      : Exposing 1 endpoint beneath base path '/actuator'
2025-11-27T11:13:50.820+05:30  INFO 15480 --- [UniversityManagementSystem] [main] o.s.b.w.embedded.tomcat.TomcatWebServer  : Tomcat started on port 8080 (http) with context path '/'
2025-11-27T11:13:50.833+05:30  INFO 15480 --- [UniversityManagementSystem] [main] .d.UniversityManagementSystemApplication : Started UniversityManagementSystemApplication in 7.828 seconds (process running for 8.9)
2025-11-27T11:13:51.383+05:30  INFO 15480 --- [UniversityManagementSystem] [RMI TCP Connection(7)-127.0.0.1] o.a.c.c.C.[Tomcat].[localhost].[/]       : Initializing Spring DispatcherServlet 'dispatcherServlet'
2025-11-27T11:13:51.384+05:30  INFO 15480 --- [UniversityManagementSystem] [RMI TCP Connection(7)-127.0.0.1] o.s.web.servlet.DispatcherServlet        : Initializing Servlet 'dispatcherServlet'
2025-11-27T11:13:51.387+05:30  INFO 15480 --- [UniversityManagementSystem] [RMI TCP Connection(7)-127.0.0.1] o.s.web.servlet.DispatcherServlet        : Completed initialization in 2 ms
2025-11-27T11:13:58.904+05:30  INFO 15480 --- [UniversityManagementSystem] [http-nio-8080-exec-1] c.example.demo.Service.StudentService    : finding student by name:ram
2025-11-27T11:13:58.906+05:30  INFO 15480 --- [UniversityManagementSystem] [http-nio-8080-exec-1] c.example.demo.Service.StudentService    : found student by name:ram
2025-11-27T11:14:46.596+05:30  INFO 15480 --- [UniversityManagementSystem] [RMI TCP Connection(11)-127.0.0.1] inMXBeanRegistrar$SpringApplicationAdmin : Application shutdown requested.
2025-11-27T11:14:46.600+05:30  INFO 15480 --- [UniversityManagementSystem] [RMI TCP Connection(11)-127.0.0.1] o.s.b.w.e.tomcat.GracefulShutdown        : Commencing graceful shutdown. Waiting for active requests to complete
2025-11-27T11:14:46.610+05:30  INFO 15480 --- [UniversityManagementSystem] [tomcat-shutdown] o.s.b.w.e.tomcat.GracefulShutdown        : Graceful shutdown complete
2025-11-27T11:14:46.617+05:30  INFO 15480 --- [UniversityManagementSystem] [RMI TCP Connection(11)-127.0.0.1] j.LocalContainerEntityManagerFactoryBean : Closing JPA EntityManagerFactory for persistence unit 'default'
2025-11-27T11:14:46.620+05:30  INFO 15480 --- [UniversityManagementSystem] [RMI TCP Connection(11)-127.0.0.1] com.zaxxer.hikari.HikariDataSource       : HikariPool-1 - Shutdown initiated...
2025-11-27T11:14:46.633+05:30  INFO 15480 --- [UniversityManagementSystem] [RMI TCP Connection(11)-127.0.0.1] com.zaxxer.hikari.HikariDataSource       : HikariPool-1 - Shutdown completed.
2025-11-27T11:14:49.943+05:30  INFO 6752 --- [UniversityManagementSystem] [main] .d.UniversityManagementSystemApplication : Starting UniversityManagementSystemApplication using Java 21.0.7 with PID 6752 (C:\Users\prera\Desktop\java Programs\UniversityManagementSystem\target\classes started by prera in C:\Users\prera\Desktop\java Programs\UniversityManagementSystem)
2025-11-27T11:14:49.948+05:30  INFO 6752 --- [UniversityManagementSystem] [main] .d.UniversityManagementSystemApplication : No active profile set, falling back to 1 default profile: "default"
2025-11-27T11:14:51.370+05:30  INFO 6752 --- [UniversityManagementSystem] [main] .s.d.r.c.RepositoryConfigurationDelegate : Bootstrapping Spring Data JPA repositories in DEFAULT mode.
2025-11-27T11:14:51.484+05:30  INFO 6752 --- [UniversityManagementSystem] [main] .s.d.r.c.RepositoryConfigurationDelegate : Finished Spring Data repository scanning in 87 ms. Found 5 JPA repository interfaces.
2025-11-27T11:14:52.116+05:30  INFO 6752 --- [UniversityManagementSystem] [main] o.s.b.w.embedded.tomcat.TomcatWebServer  : Tomcat initialized with port 8080 (http)
2025-11-27T11:14:52.139+05:30  INFO 6752 --- [UniversityManagementSystem] [main] o.apache.catalina.core.StandardService   : Starting service [Tomcat]
2025-11-27T11:14:52.139+05:30  INFO 6752 --- [UniversityManagementSystem] [main] o.apache.catalina.core.StandardEngine    : Starting Servlet engine: [Apache Tomcat/10.1.49]
2025-11-27T11:14:52.224+05:30  INFO 6752 --- [UniversityManagementSystem] [main] o.a.c.c.C.[Tomcat].[localhost].[/]       : Initializing Spring embedded WebApplicationContext
2025-11-27T11:14:52.226+05:30  INFO 6752 --- [UniversityManagementSystem] [main] w.s.c.ServletWebServerApplicationContext : Root WebApplicationContext: initialization completed in 2210 ms
2025-11-27T11:14:52.537+05:30  INFO 6752 --- [UniversityManagementSystem] [main] o.hibernate.jpa.internal.util.LogHelper  : HHH000204: Processing PersistenceUnitInfo [name: default]
2025-11-27T11:14:52.605+05:30  INFO 6752 --- [UniversityManagementSystem] [main] org.hibernate.Version                    : HHH000412: Hibernate ORM core version 6.6.36.Final
2025-11-27T11:14:52.645+05:30  INFO 6752 --- [UniversityManagementSystem] [main] o.h.c.internal.RegionFactoryInitiator    : HHH000026: Second-level cache disabled
2025-11-27T11:14:53.017+05:30  INFO 6752 --- [UniversityManagementSystem] [main] o.s.o.j.p.SpringPersistenceUnitInfo      : No LoadTimeWeaver setup: ignoring JPA class transformer
2025-11-27T11:14:53.051+05:30  INFO 6752 --- [UniversityManagementSystem] [main] com.zaxxer.hikari.HikariDataSource       : HikariPool-1 - Starting...
2025-11-27T11:14:53.537+05:30  INFO 6752 --- [UniversityManagementSystem] [main] com.zaxxer.hikari.pool.HikariPool        : HikariPool-1 - Added connection org.postgresql.jdbc.PgConnection@18e8eb59
2025-11-27T11:14:53.540+05:30  INFO 6752 --- [UniversityManagementSystem] [main] com.zaxxer.hikari.HikariDataSource       : HikariPool-1 - Start completed.
2025-11-27T11:14:53.597+05:30  WARN 6752 --- [UniversityManagementSystem] [main] org.hibernate.orm.deprecation            : HHH90000025: PostgreSQLDialect does not need to be specified explicitly using 'hibernate.dialect' (remove the property setting and it will be selected by default)
2025-11-27T11:14:53.623+05:30  INFO 6752 --- [UniversityManagementSystem] [main] org.hibernate.orm.connections.pooling    : HHH10001005: Database info:
	Database JDBC URL [Connecting through datasource 'HikariDataSource (HikariPool-1)']
	Database driver: undefined/unknown
	Database version: 17.5
	Autocommit mode: undefined/unknown
	Isolation level: undefined/unknown
	Minimum pool size: undefined/unknown
	Maximum pool size: undefined/unknown
2025-11-27T11:14:54.826+05:30  INFO 6752 --- [UniversityManagementSystem] [main] o.h.e.t.j.p.i.JtaPlatformInitiator       : HHH000489: No JTA platform available (set 'hibernate.transaction.jta.platform' to enable JTA platform integration)
2025-11-27T11:14:55.117+05:30  INFO 6752 --- [UniversityManagementSystem] [main] j.LocalContainerEntityManagerFactoryBean : Initialized JPA EntityManagerFactory for persistence unit 'default'
2025-11-27T11:14:55.722+05:30  WARN 6752 --- [UniversityManagementSystem] [main] JpaBaseConfiguration$JpaWebConfiguration : spring.jpa.open-in-view is enabled by default. Therefore, database queries may be performed during view rendering. Explicitly configure spring.jpa.open-in-view to disable this warning
2025-11-27T11:14:56.544+05:30  INFO 6752 --- [UniversityManagementSystem] [main] o.s.b.a.e.web.EndpointLinksResolver      : Exposing 1 endpoint beneath base path '/actuator'
2025-11-27T11:14:56.693+05:30  INFO 6752 --- [UniversityManagementSystem] [main] o.s.b.w.embedded.tomcat.TomcatWebServer  : Tomcat started on port 8080 (http) with context path '/'
2025-11-27T11:14:56.717+05:30  INFO 6752 --- [UniversityManagementSystem] [main] .d.UniversityManagementSystemApplication : Started UniversityManagementSystemApplication in 7.654 seconds (process running for 8.742)
2025-11-27T11:14:57.043+05:30  INFO 6752 --- [UniversityManagementSystem] [RMI TCP Connection(7)-127.0.0.1] o.a.c.c.C.[Tomcat].[localhost].[/]       : Initializing Spring DispatcherServlet 'dispatcherServlet'
2025-11-27T11:14:57.043+05:30  INFO 6752 --- [UniversityManagementSystem] [RMI TCP Connection(7)-127.0.0.1] o.s.web.servlet.DispatcherServlet        : Initializing Servlet 'dispatcherServlet'
2025-11-27T11:14:57.046+05:30  INFO 6752 --- [UniversityManagementSystem] [RMI TCP Connection(7)-127.0.0.1] o.s.web.servlet.DispatcherServlet        : Completed initialization in 2 ms
2025-11-27T11:15:16.436+05:30  INFO 6752 --- [UniversityManagementSystem] [http-nio-8080-exec-1] c.example.demo.Service.ProfessorService  : finding professor by id:1
2025-11-27T11:15:16.642+05:30  INFO 6752 --- [UniversityManagementSystem] [http-nio-8080-exec-1] c.example.demo.Service.ProfessorService  : professor found by id:1
2025-11-27T11:16:57.223+05:30  INFO 6752 --- [UniversityManagementSystem] [RMI TCP Connection(12)-127.0.0.1] inMXBeanRegistrar$SpringApplicationAdmin : Application shutdown requested.
2025-11-27T11:16:57.228+05:30  INFO 6752 --- [UniversityManagementSystem] [RMI TCP Connection(12)-127.0.0.1] o.s.b.w.e.tomcat.GracefulShutdown        : Commencing graceful shutdown. Waiting for active requests to complete
2025-11-27T11:16:57.252+05:30  INFO 6752 --- [UniversityManagementSystem] [tomcat-shutdown] o.s.b.w.e.tomcat.GracefulShutdown        : Graceful shutdown complete
2025-11-27T11:16:57.262+05:30  INFO 6752 --- [UniversityManagementSystem] [RMI TCP Connection(12)-127.0.0.1] j.LocalContainerEntityManagerFactoryBean : Closing JPA EntityManagerFactory for persistence unit 'default'
2025-11-27T11:16:57.266+05:30  INFO 6752 --- [UniversityManagementSystem] [RMI TCP Connection(12)-127.0.0.1] com.zaxxer.hikari.HikariDataSource       : HikariPool-1 - Shutdown initiated...
2025-11-27T11:16:57.275+05:30  INFO 6752 --- [UniversityManagementSystem] [RMI TCP Connection(12)-127.0.0.1] com.zaxxer.hikari.HikariDataSource       : HikariPool-1 - Shutdown completed.
2025-11-27T11:17:00.682+05:30  INFO 4644 --- [UniversityManagementSystem] [main] .d.UniversityManagementSystemApplication : Starting UniversityManagementSystemApplication using Java 21.0.7 with PID 4644 (C:\Users\prera\Desktop\java Programs\UniversityManagementSystem\target\classes started by prera in C:\Users\prera\Desktop\java Programs\UniversityManagementSystem)
2025-11-27T11:17:00.685+05:30  INFO 4644 --- [UniversityManagementSystem] [main] .d.UniversityManagementSystemApplication : No active profile set, falling back to 1 default profile: "default"
2025-11-27T11:17:02.156+05:30  INFO 4644 --- [UniversityManagementSystem] [main] .s.d.r.c.RepositoryConfigurationDelegate : Bootstrapping Spring Data JPA repositories in DEFAULT mode.
2025-11-27T11:17:02.239+05:30  INFO 4644 --- [UniversityManagementSystem] [main] .s.d.r.c.RepositoryConfigurationDelegate : Finished Spring Data repository scanning in 69 ms. Found 5 JPA repository interfaces.
2025-11-27T11:17:02.868+05:30  INFO 4644 --- [UniversityManagementSystem] [main] o.s.b.w.embedded.tomcat.TomcatWebServer  : Tomcat initialized with port 8080 (http)
2025-11-27T11:17:02.895+05:30  INFO 4644 --- [UniversityManagementSystem] [main] o.apache.catalina.core.StandardService   : Starting service [Tomcat]
2025-11-27T11:17:02.896+05:30  INFO 4644 --- [UniversityManagementSystem] [main] o.apache.catalina.core.StandardEngine    : Starting Servlet engine: [Apache Tomcat/10.1.49]
2025-11-27T11:17:02.979+05:30  INFO 4644 --- [UniversityManagementSystem] [main] o.a.c.c.C.[Tomcat].[localhost].[/]       : Initializing Spring embedded WebApplicationContext
2025-11-27T11:17:02.980+05:30  INFO 4644 --- [UniversityManagementSystem] [main] w.s.c.ServletWebServerApplicationContext : Root WebApplicationContext: initialization completed in 2223 ms
2025-11-27T11:17:03.378+05:30  INFO 4644 --- [UniversityManagementSystem] [main] o.hibernate.jpa.internal.util.LogHelper  : HHH000204: Processing PersistenceUnitInfo [name: default]
2025-11-27T11:17:03.486+05:30  INFO 4644 --- [UniversityManagementSystem] [main] org.hibernate.Version                    : HHH000412: Hibernate ORM core version 6.6.36.Final
2025-11-27T11:17:03.546+05:30  INFO 4644 --- [UniversityManagementSystem] [main] o.h.c.internal.RegionFactoryInitiator    : HHH000026: Second-level cache disabled
2025-11-27T11:17:03.924+05:30  INFO 4644 --- [UniversityManagementSystem] [main] o.s.o.j.p.SpringPersistenceUnitInfo      : No LoadTimeWeaver setup: ignoring JPA class transformer
2025-11-27T11:17:03.980+05:30  INFO 4644 --- [UniversityManagementSystem] [main] com.zaxxer.hikari.HikariDataSource       : HikariPool-1 - Starting...
2025-11-27T11:17:04.449+05:30  INFO 4644 --- [UniversityManagementSystem] [main] com.zaxxer.hikari.pool.HikariPool        : HikariPool-1 - Added connection org.postgresql.jdbc.PgConnection@2e1291a4
2025-11-27T11:17:04.452+05:30  INFO 4644 --- [UniversityManagementSystem] [main] com.zaxxer.hikari.HikariDataSource       : HikariPool-1 - Start completed.
2025-11-27T11:17:04.504+05:30  WARN 4644 --- [UniversityManagementSystem] [main] org.hibernate.orm.deprecation            : HHH90000025: PostgreSQLDialect does not need to be specified explicitly using 'hibernate.dialect' (remove the property setting and it will be selected by default)
2025-11-27T11:17:04.531+05:30  INFO 4644 --- [UniversityManagementSystem] [main] org.hibernate.orm.connections.pooling    : HHH10001005: Database info:
	Database JDBC URL [Connecting through datasource 'HikariDataSource (HikariPool-1)']
	Database driver: undefined/unknown
	Database version: 17.5
	Autocommit mode: undefined/unknown
	Isolation level: undefined/unknown
	Minimum pool size: undefined/unknown
	Maximum pool size: undefined/unknown
2025-11-27T11:17:05.895+05:30  INFO 4644 --- [UniversityManagementSystem] [main] o.h.e.t.j.p.i.JtaPlatformInitiator       : HHH000489: No JTA platform available (set 'hibernate.transaction.jta.platform' to enable JTA platform integration)
2025-11-27T11:17:06.187+05:30  INFO 4644 --- [UniversityManagementSystem] [main] j.LocalContainerEntityManagerFactoryBean : Initialized JPA EntityManagerFactory for persistence unit 'default'
2025-11-27T11:17:06.787+05:30  WARN 4644 --- [UniversityManagementSystem] [main] JpaBaseConfiguration$JpaWebConfiguration : spring.jpa.open-in-view is enabled by default. Therefore, database queries may be performed during view rendering. Explicitly configure spring.jpa.open-in-view to disable this warning
2025-11-27T11:17:07.566+05:30  INFO 4644 --- [UniversityManagementSystem] [main] o.s.b.a.e.web.EndpointLinksResolver      : Exposing 1 endpoint beneath base path '/actuator'
2025-11-27T11:17:07.693+05:30  INFO 4644 --- [UniversityManagementSystem] [main] o.s.b.w.embedded.tomcat.TomcatWebServer  : Tomcat started on port 8080 (http) with context path '/'
2025-11-27T11:17:07.708+05:30  INFO 4644 --- [UniversityManagementSystem] [main] .d.UniversityManagementSystemApplication : Started UniversityManagementSystemApplication in 7.923 seconds (process running for 9.007)
2025-11-27T11:17:08.371+05:30  INFO 4644 --- [UniversityManagementSystem] [RMI TCP Connection(8)-127.0.0.1] o.a.c.c.C.[Tomcat].[localhost].[/]       : Initializing Spring DispatcherServlet 'dispatcherServlet'
2025-11-27T11:17:08.372+05:30  INFO 4644 --- [UniversityManagementSystem] [RMI TCP Connection(8)-127.0.0.1] o.s.web.servlet.DispatcherServlet        : Initializing Servlet 'dispatcherServlet'
2025-11-27T11:17:08.374+05:30  INFO 4644 --- [UniversityManagementSystem] [RMI TCP Connection(8)-127.0.0.1] o.s.web.servlet.DispatcherServlet        : Completed initialization in 2 ms
2025-11-27T11:17:13.656+05:30  INFO 4644 --- [UniversityManagementSystem] [http-nio-8080-exec-1] c.example.demo.Service.ProfessorService  : finding professor by id:1
2025-11-27T11:17:13.839+05:30  INFO 4644 --- [UniversityManagementSystem] [http-nio-8080-exec-1] c.example.demo.Service.ProfessorService  : professor found by id:1
2025-11-27T11:18:34.245+05:30  INFO 4644 --- [UniversityManagementSystem] [http-nio-8080-exec-4] c.example.demo.Service.ProfessorService  : finding professor by department:Computer Science
2025-11-27T11:18:34.245+05:30  INFO 4644 --- [UniversityManagementSystem] [http-nio-8080-exec-4] c.example.demo.Service.ProfessorService  : found professor by department:Computer Science
2025-11-27T11:19:38.311+05:30  INFO 4644 --- [UniversityManagementSystem] [RMI TCP Connection(14)-127.0.0.1] inMXBeanRegistrar$SpringApplicationAdmin : Application shutdown requested.
2025-11-27T11:19:38.316+05:30  INFO 4644 --- [UniversityManagementSystem] [RMI TCP Connection(14)-127.0.0.1] o.s.b.w.e.tomcat.GracefulShutdown        : Commencing graceful shutdown. Waiting for active requests to complete
2025-11-27T11:19:38.334+05:30  INFO 4644 --- [UniversityManagementSystem] [tomcat-shutdown] o.s.b.w.e.tomcat.GracefulShutdown        : Graceful shutdown complete
2025-11-27T11:19:38.352+05:30  INFO 4644 --- [UniversityManagementSystem] [RMI TCP Connection(14)-127.0.0.1] j.LocalContainerEntityManagerFactoryBean : Closing JPA EntityManagerFactory for persistence unit 'default'
2025-11-27T11:19:38.357+05:30  INFO 4644 --- [UniversityManagementSystem] [RMI TCP Connection(14)-127.0.0.1] com.zaxxer.hikari.HikariDataSource       : HikariPool-1 - Shutdown initiated...
2025-11-27T11:19:38.366+05:30  INFO 4644 --- [UniversityManagementSystem] [RMI TCP Connection(14)-127.0.0.1] com.zaxxer.hikari.HikariDataSource       : HikariPool-1 - Shutdown completed.
2025-11-27T11:19:41.646+05:30  INFO 15812 --- [UniversityManagementSystem] [main] .d.UniversityManagementSystemApplication : Starting UniversityManagementSystemApplication using Java 21.0.7 with PID 15812 (C:\Users\prera\Desktop\java Programs\UniversityManagementSystem\target\classes started by prera in C:\Users\prera\Desktop\java Programs\UniversityManagementSystem)
2025-11-27T11:19:41.650+05:30  INFO 15812 --- [UniversityManagementSystem] [main] .d.UniversityManagementSystemApplication : No active profile set, falling back to 1 default profile: "default"
2025-11-27T11:19:43.149+05:30  INFO 15812 --- [UniversityManagementSystem] [main] .s.d.r.c.RepositoryConfigurationDelegate : Bootstrapping Spring Data JPA repositories in DEFAULT mode.
2025-11-27T11:19:43.246+05:30  INFO 15812 --- [UniversityManagementSystem] [main] .s.d.r.c.RepositoryConfigurationDelegate : Finished Spring Data repository scanning in 83 ms. Found 5 JPA repository interfaces.
2025-11-27T11:19:43.783+05:30  INFO 15812 --- [UniversityManagementSystem] [main] o.s.b.w.embedded.tomcat.TomcatWebServer  : Tomcat initialized with port 8080 (http)
2025-11-27T11:19:43.803+05:30  INFO 15812 --- [UniversityManagementSystem] [main] o.apache.catalina.core.StandardService   : Starting service [Tomcat]
2025-11-27T11:19:43.804+05:30  INFO 15812 --- [UniversityManagementSystem] [main] o.apache.catalina.core.StandardEngine    : Starting Servlet engine: [Apache Tomcat/10.1.49]
2025-11-27T11:19:43.877+05:30  INFO 15812 --- [UniversityManagementSystem] [main] o.a.c.c.C.[Tomcat].[localhost].[/]       : Initializing Spring embedded WebApplicationContext
2025-11-27T11:19:43.878+05:30  INFO 15812 --- [UniversityManagementSystem] [main] w.s.c.ServletWebServerApplicationContext : Root WebApplicationContext: initialization completed in 2164 ms
2025-11-27T11:19:44.195+05:30  INFO 15812 --- [UniversityManagementSystem] [main] o.hibernate.jpa.internal.util.LogHelper  : HHH000204: Processing PersistenceUnitInfo [name: default]
2025-11-27T11:19:44.251+05:30  INFO 15812 --- [UniversityManagementSystem] [main] org.hibernate.Version                    : HHH000412: Hibernate ORM core version 6.6.36.Final
2025-11-27T11:19:44.293+05:30  INFO 15812 --- [UniversityManagementSystem] [main] o.h.c.internal.RegionFactoryInitiator    : HHH000026: Second-level cache disabled
2025-11-27T11:19:44.697+05:30  INFO 15812 --- [UniversityManagementSystem] [main] o.s.o.j.p.SpringPersistenceUnitInfo      : No LoadTimeWeaver setup: ignoring JPA class transformer
2025-11-27T11:19:44.758+05:30  INFO 15812 --- [UniversityManagementSystem] [main] com.zaxxer.hikari.HikariDataSource       : HikariPool-1 - Starting...
2025-11-27T11:19:45.168+05:30  INFO 15812 --- [UniversityManagementSystem] [main] com.zaxxer.hikari.pool.HikariPool        : HikariPool-1 - Added connection org.postgresql.jdbc.PgConnection@2382b2f
2025-11-27T11:19:45.170+05:30  INFO 15812 --- [UniversityManagementSystem] [main] com.zaxxer.hikari.HikariDataSource       : HikariPool-1 - Start completed.
2025-11-27T11:19:45.223+05:30  WARN 15812 --- [UniversityManagementSystem] [main] org.hibernate.orm.deprecation            : HHH90000025: PostgreSQLDialect does not need to be specified explicitly using 'hibernate.dialect' (remove the property setting and it will be selected by default)
2025-11-27T11:19:45.253+05:30  INFO 15812 --- [UniversityManagementSystem] [main] org.hibernate.orm.connections.pooling    : HHH10001005: Database info:
	Database JDBC URL [Connecting through datasource 'HikariDataSource (HikariPool-1)']
	Database driver: undefined/unknown
	Database version: 17.5
	Autocommit mode: undefined/unknown
	Isolation level: undefined/unknown
	Minimum pool size: undefined/unknown
	Maximum pool size: undefined/unknown
2025-11-27T11:19:46.488+05:30  INFO 15812 --- [UniversityManagementSystem] [main] o.h.e.t.j.p.i.JtaPlatformInitiator       : HHH000489: No JTA platform available (set 'hibernate.transaction.jta.platform' to enable JTA platform integration)
2025-11-27T11:19:46.868+05:30  INFO 15812 --- [UniversityManagementSystem] [main] j.LocalContainerEntityManagerFactoryBean : Initialized JPA EntityManagerFactory for persistence unit 'default'
2025-11-27T11:19:47.392+05:30  WARN 15812 --- [UniversityManagementSystem] [main] JpaBaseConfiguration$JpaWebConfiguration : spring.jpa.open-in-view is enabled by default. Therefore, database queries may be performed during view rendering. Explicitly configure spring.jpa.open-in-view to disable this warning
2025-11-27T11:19:48.189+05:30  INFO 15812 --- [UniversityManagementSystem] [main] o.s.b.a.e.web.EndpointLinksResolver      : Exposing 1 endpoint beneath base path '/actuator'
2025-11-27T11:19:48.321+05:30  INFO 15812 --- [UniversityManagementSystem] [main] o.s.b.w.embedded.tomcat.TomcatWebServer  : Tomcat started on port 8080 (http) with context path '/'
2025-11-27T11:19:48.339+05:30  INFO 15812 --- [UniversityManagementSystem] [main] .d.UniversityManagementSystemApplication : Started UniversityManagementSystemApplication in 7.563 seconds (process running for 8.648)
2025-11-27T11:19:48.884+05:30  INFO 15812 --- [UniversityManagementSystem] [RMI TCP Connection(7)-127.0.0.1] o.a.c.c.C.[Tomcat].[localhost].[/]       : Initializing Spring DispatcherServlet 'dispatcherServlet'
2025-11-27T11:19:48.885+05:30  INFO 15812 --- [UniversityManagementSystem] [RMI TCP Connection(7)-127.0.0.1] o.s.web.servlet.DispatcherServlet        : Initializing Servlet 'dispatcherServlet'
2025-11-27T11:19:48.887+05:30  INFO 15812 --- [UniversityManagementSystem] [RMI TCP Connection(7)-127.0.0.1] o.s.web.servlet.DispatcherServlet        : Completed initialization in 1 ms
2025-11-27T11:19:58.059+05:30  INFO 15812 --- [UniversityManagementSystem] [http-nio-8080-exec-2] c.e.demo.Service.AssignmentService       : finding assignment by id
2025-11-27T11:19:58.253+05:30  INFO 15812 --- [UniversityManagementSystem] [http-nio-8080-exec-2] c.e.demo.Service.AssignmentService       : assignment found by id:1
2025-11-27T11:20:18.615+05:30  INFO 15812 --- [UniversityManagementSystem] [http-nio-8080-exec-3] c.e.demo.Service.SubmissionService       : getting submission by id:1
2025-11-27T11:20:18.640+05:30  INFO 15812 --- [UniversityManagementSystem] [http-nio-8080-exec-3] c.e.demo.Service.SubmissionService       : found submission by id:1
2025-11-27T11:20:46.224+05:30  INFO 15812 --- [UniversityManagementSystem] [RMI TCP Connection(11)-127.0.0.1] inMXBeanRegistrar$SpringApplicationAdmin : Application shutdown requested.
2025-11-27T11:20:46.230+05:30  INFO 15812 --- [UniversityManagementSystem] [RMI TCP Connection(11)-127.0.0.1] o.s.b.w.e.tomcat.GracefulShutdown        : Commencing graceful shutdown. Waiting for active requests to complete
2025-11-27T11:20:46.254+05:30  INFO 15812 --- [UniversityManagementSystem] [tomcat-shutdown] o.s.b.w.e.tomcat.GracefulShutdown        : Graceful shutdown complete
2025-11-27T11:20:46.263+05:30  INFO 15812 --- [UniversityManagementSystem] [RMI TCP Connection(11)-127.0.0.1] j.LocalContainerEntityManagerFactoryBean : Closing JPA EntityManagerFactory for persistence unit 'default'
2025-11-27T11:20:46.268+05:30  INFO 15812 --- [UniversityManagementSystem] [RMI TCP Connection(11)-127.0.0.1] com.zaxxer.hikari.HikariDataSource       : HikariPool-1 - Shutdown initiated...
2025-11-27T11:20:46.276+05:30  INFO 15812 --- [UniversityManagementSystem] [RMI TCP Connection(11)-127.0.0.1] com.zaxxer.hikari.HikariDataSource       : HikariPool-1 - Shutdown completed.
2025-11-27T11:20:49.695+05:30  INFO 26476 --- [UniversityManagementSystem] [main] .d.UniversityManagementSystemApplication : Starting UniversityManagementSystemApplication using Java 21.0.7 with PID 26476 (C:\Users\prera\Desktop\java Programs\UniversityManagementSystem\target\classes started by prera in C:\Users\prera\Desktop\java Programs\UniversityManagementSystem)
2025-11-27T11:20:49.700+05:30  INFO 26476 --- [UniversityManagementSystem] [main] .d.UniversityManagementSystemApplication : No active profile set, falling back to 1 default profile: "default"
2025-11-27T11:20:51.255+05:30  INFO 26476 --- [UniversityManagementSystem] [main] .s.d.r.c.RepositoryConfigurationDelegate : Bootstrapping Spring Data JPA repositories in DEFAULT mode.
2025-11-27T11:20:51.360+05:30  INFO 26476 --- [UniversityManagementSystem] [main] .s.d.r.c.RepositoryConfigurationDelegate : Finished Spring Data repository scanning in 89 ms. Found 5 JPA repository interfaces.
2025-11-27T11:20:51.992+05:30  INFO 26476 --- [UniversityManagementSystem] [main] o.s.b.w.embedded.tomcat.TomcatWebServer  : Tomcat initialized with port 8080 (http)
2025-11-27T11:20:52.016+05:30  INFO 26476 --- [UniversityManagementSystem] [main] o.apache.catalina.core.StandardService   : Starting service [Tomcat]
2025-11-27T11:20:52.017+05:30  INFO 26476 --- [UniversityManagementSystem] [main] o.apache.catalina.core.StandardEngine    : Starting Servlet engine: [Apache Tomcat/10.1.49]
2025-11-27T11:20:52.093+05:30  INFO 26476 --- [UniversityManagementSystem] [main] o.a.c.c.C.[Tomcat].[localhost].[/]       : Initializing Spring embedded WebApplicationContext
2025-11-27T11:20:52.094+05:30  INFO 26476 --- [UniversityManagementSystem] [main] w.s.c.ServletWebServerApplicationContext : Root WebApplicationContext: initialization completed in 2322 ms
2025-11-27T11:20:52.464+05:30  INFO 26476 --- [UniversityManagementSystem] [main] o.hibernate.jpa.internal.util.LogHelper  : HHH000204: Processing PersistenceUnitInfo [name: default]
2025-11-27T11:20:52.539+05:30  INFO 26476 --- [UniversityManagementSystem] [main] org.hibernate.Version                    : HHH000412: Hibernate ORM core version 6.6.36.Final
2025-11-27T11:20:52.579+05:30  INFO 26476 --- [UniversityManagementSystem] [main] o.h.c.internal.RegionFactoryInitiator    : HHH000026: Second-level cache disabled
2025-11-27T11:20:52.984+05:30  INFO 26476 --- [UniversityManagementSystem] [main] o.s.o.j.p.SpringPersistenceUnitInfo      : No LoadTimeWeaver setup: ignoring JPA class transformer
2025-11-27T11:20:53.022+05:30  INFO 26476 --- [UniversityManagementSystem] [main] com.zaxxer.hikari.HikariDataSource       : HikariPool-1 - Starting...
2025-11-27T11:20:53.462+05:30  INFO 26476 --- [UniversityManagementSystem] [main] com.zaxxer.hikari.pool.HikariPool        : HikariPool-1 - Added connection org.postgresql.jdbc.PgConnection@2430cf17
2025-11-27T11:20:53.466+05:30  INFO 26476 --- [UniversityManagementSystem] [main] com.zaxxer.hikari.HikariDataSource       : HikariPool-1 - Start completed.
2025-11-27T11:20:53.517+05:30  WARN 26476 --- [UniversityManagementSystem] [main] org.hibernate.orm.deprecation            : HHH90000025: PostgreSQLDialect does not need to be specified explicitly using 'hibernate.dialect' (remove the property setting and it will be selected by default)
2025-11-27T11:20:53.543+05:30  INFO 26476 --- [UniversityManagementSystem] [main] org.hibernate.orm.connections.pooling    : HHH10001005: Database info:
	Database JDBC URL [Connecting through datasource 'HikariDataSource (HikariPool-1)']
	Database driver: undefined/unknown
	Database version: 17.5
	Autocommit mode: undefined/unknown
	Isolation level: undefined/unknown
	Minimum pool size: undefined/unknown
	Maximum pool size: undefined/unknown
2025-11-27T11:20:54.800+05:30  INFO 26476 --- [UniversityManagementSystem] [main] o.h.e.t.j.p.i.JtaPlatformInitiator       : HHH000489: No JTA platform available (set 'hibernate.transaction.jta.platform' to enable JTA platform integration)
2025-11-27T11:20:55.211+05:30  INFO 26476 --- [UniversityManagementSystem] [main] j.LocalContainerEntityManagerFactoryBean : Initialized JPA EntityManagerFactory for persistence unit 'default'
2025-11-27T11:20:55.760+05:30  WARN 26476 --- [UniversityManagementSystem] [main] JpaBaseConfiguration$JpaWebConfiguration : spring.jpa.open-in-view is enabled by default. Therefore, database queries may be performed during view rendering. Explicitly configure spring.jpa.open-in-view to disable this warning
2025-11-27T11:20:56.527+05:30  INFO 26476 --- [UniversityManagementSystem] [main] o.s.b.a.e.web.EndpointLinksResolver      : Exposing 1 endpoint beneath base path '/actuator'
2025-11-27T11:20:56.642+05:30  INFO 26476 --- [UniversityManagementSystem] [main] o.s.b.w.embedded.tomcat.TomcatWebServer  : Tomcat started on port 8080 (http) with context path '/'
2025-11-27T11:20:56.656+05:30  INFO 26476 --- [UniversityManagementSystem] [main] .d.UniversityManagementSystemApplication : Started UniversityManagementSystemApplication in 7.924 seconds (process running for 8.96)
2025-11-27T11:20:57.307+05:30  INFO 26476 --- [UniversityManagementSystem] [RMI TCP Connection(9)-127.0.0.1] o.a.c.c.C.[Tomcat].[localhost].[/]       : Initializing Spring DispatcherServlet 'dispatcherServlet'
2025-11-27T11:20:57.307+05:30  INFO 26476 --- [UniversityManagementSystem] [RMI TCP Connection(9)-127.0.0.1] o.s.web.servlet.DispatcherServlet        : Initializing Servlet 'dispatcherServlet'
2025-11-27T11:20:57.310+05:30  INFO 26476 --- [UniversityManagementSystem] [RMI TCP Connection(9)-127.0.0.1] o.s.web.servlet.DispatcherServlet        : Completed initialization in 2 ms
2025-11-27T11:21:08.892+05:30  INFO 26476 --- [UniversityManagementSystem] [RMI TCP Connection(10)-127.0.0.1] inMXBeanRegistrar$SpringApplicationAdmin : Application shutdown requested.
2025-11-27T11:21:08.897+05:30  INFO 26476 --- [UniversityManagementSystem] [RMI TCP Connection(10)-127.0.0.1] o.s.b.w.e.tomcat.GracefulShutdown        : Commencing graceful shutdown. Waiting for active requests to complete
2025-11-27T11:21:08.904+05:30  INFO 26476 --- [UniversityManagementSystem] [tomcat-shutdown] o.s.b.w.e.tomcat.GracefulShutdown        : Graceful shutdown complete
2025-11-27T11:21:08.911+05:30  INFO 26476 --- [UniversityManagementSystem] [RMI TCP Connection(10)-127.0.0.1] j.LocalContainerEntityManagerFactoryBean : Closing JPA EntityManagerFactory for persistence unit 'default'
2025-11-27T11:21:08.915+05:30  INFO 26476 --- [UniversityManagementSystem] [RMI TCP Connection(10)-127.0.0.1] com.zaxxer.hikari.HikariDataSource       : HikariPool-1 - Shutdown initiated...
2025-11-27T11:21:08.921+05:30  INFO 26476 --- [UniversityManagementSystem] [RMI TCP Connection(10)-127.0.0.1] com.zaxxer.hikari.HikariDataSource       : HikariPool-1 - Shutdown completed.
2025-11-27T11:21:12.303+05:30  INFO 5708 --- [UniversityManagementSystem] [main] .d.UniversityManagementSystemApplication : Starting UniversityManagementSystemApplication using Java 21.0.7 with PID 5708 (C:\Users\prera\Desktop\java Programs\UniversityManagementSystem\target\classes started by prera in C:\Users\prera\Desktop\java Programs\UniversityManagementSystem)
2025-11-27T11:21:12.307+05:30  INFO 5708 --- [UniversityManagementSystem] [main] .d.UniversityManagementSystemApplication : No active profile set, falling back to 1 default profile: "default"
2025-11-27T11:21:13.802+05:30  INFO 5708 --- [UniversityManagementSystem] [main] .s.d.r.c.RepositoryConfigurationDelegate : Bootstrapping Spring Data JPA repositories in DEFAULT mode.
2025-11-27T11:21:13.889+05:30  INFO 5708 --- [UniversityManagementSystem] [main] .s.d.r.c.RepositoryConfigurationDelegate : Finished Spring Data repository scanning in 72 ms. Found 5 JPA repository interfaces.
2025-11-27T11:21:14.488+05:30  INFO 5708 --- [UniversityManagementSystem] [main] o.s.b.w.embedded.tomcat.TomcatWebServer  : Tomcat initialized with port 8080 (http)
2025-11-27T11:21:14.513+05:30  INFO 5708 --- [UniversityManagementSystem] [main] o.apache.catalina.core.StandardService   : Starting service [Tomcat]
2025-11-27T11:21:14.514+05:30  INFO 5708 --- [UniversityManagementSystem] [main] o.apache.catalina.core.StandardEngine    : Starting Servlet engine: [Apache Tomcat/10.1.49]
2025-11-27T11:21:14.620+05:30  INFO 5708 --- [UniversityManagementSystem] [main] o.a.c.c.C.[Tomcat].[localhost].[/]       : Initializing Spring embedded WebApplicationContext
2025-11-27T11:21:14.621+05:30  INFO 5708 --- [UniversityManagementSystem] [main] w.s.c.ServletWebServerApplicationContext : Root WebApplicationContext: initialization completed in 2254 ms
2025-11-27T11:21:15.014+05:30  INFO 5708 --- [UniversityManagementSystem] [main] o.hibernate.jpa.internal.util.LogHelper  : HHH000204: Processing PersistenceUnitInfo [name: default]
2025-11-27T11:21:15.071+05:30  INFO 5708 --- [UniversityManagementSystem] [main] org.hibernate.Version                    : HHH000412: Hibernate ORM core version 6.6.36.Final
2025-11-27T11:21:15.108+05:30  INFO 5708 --- [UniversityManagementSystem] [main] o.h.c.internal.RegionFactoryInitiator    : HHH000026: Second-level cache disabled
2025-11-27T11:21:15.528+05:30  INFO 5708 --- [UniversityManagementSystem] [main] o.s.o.j.p.SpringPersistenceUnitInfo      : No LoadTimeWeaver setup: ignoring JPA class transformer
2025-11-27T11:21:15.580+05:30  INFO 5708 --- [UniversityManagementSystem] [main] com.zaxxer.hikari.HikariDataSource       : HikariPool-1 - Starting...
2025-11-27T11:21:15.985+05:30  INFO 5708 --- [UniversityManagementSystem] [main] com.zaxxer.hikari.pool.HikariPool        : HikariPool-1 - Added connection org.postgresql.jdbc.PgConnection@1e95f584
2025-11-27T11:21:15.988+05:30  INFO 5708 --- [UniversityManagementSystem] [main] com.zaxxer.hikari.HikariDataSource       : HikariPool-1 - Start completed.
2025-11-27T11:21:16.044+05:30  WARN 5708 --- [UniversityManagementSystem] [main] org.hibernate.orm.deprecation            : HHH90000025: PostgreSQLDialect does not need to be specified explicitly using 'hibernate.dialect' (remove the property setting and it will be selected by default)
2025-11-27T11:21:16.071+05:30  INFO 5708 --- [UniversityManagementSystem] [main] org.hibernate.orm.connections.pooling    : HHH10001005: Database info:
	Database JDBC URL [Connecting through datasource 'HikariDataSource (HikariPool-1)']
	Database driver: undefined/unknown
	Database version: 17.5
	Autocommit mode: undefined/unknown
	Isolation level: undefined/unknown
	Minimum pool size: undefined/unknown
	Maximum pool size: undefined/unknown
2025-11-27T11:21:17.513+05:30  INFO 5708 --- [UniversityManagementSystem] [main] o.h.e.t.j.p.i.JtaPlatformInitiator       : HHH000489: No JTA platform available (set 'hibernate.transaction.jta.platform' to enable JTA platform integration)
2025-11-27T11:21:17.858+05:30  INFO 5708 --- [UniversityManagementSystem] [main] j.LocalContainerEntityManagerFactoryBean : Initialized JPA EntityManagerFactory for persistence unit 'default'
2025-11-27T11:21:18.428+05:30  WARN 5708 --- [UniversityManagementSystem] [main] JpaBaseConfiguration$JpaWebConfiguration : spring.jpa.open-in-view is enabled by default. Therefore, database queries may be performed during view rendering. Explicitly configure spring.jpa.open-in-view to disable this warning
2025-11-27T11:21:19.174+05:30  INFO 5708 --- [UniversityManagementSystem] [main] o.s.b.a.e.web.EndpointLinksResolver      : Exposing 1 endpoint beneath base path '/actuator'
2025-11-27T11:21:19.297+05:30  INFO 5708 --- [UniversityManagementSystem] [main] o.s.b.w.embedded.tomcat.TomcatWebServer  : Tomcat started on port 8080 (http) with context path '/'
2025-11-27T11:21:19.313+05:30  INFO 5708 --- [UniversityManagementSystem] [main] .d.UniversityManagementSystemApplication : Started UniversityManagementSystemApplication in 7.97 seconds (process running for 9.023)
2025-11-27T11:21:19.905+05:30  INFO 5708 --- [UniversityManagementSystem] [RMI TCP Connection(7)-127.0.0.1] o.a.c.c.C.[Tomcat].[localhost].[/]       : Initializing Spring DispatcherServlet 'dispatcherServlet'
2025-11-27T11:21:19.906+05:30  INFO 5708 --- [UniversityManagementSystem] [RMI TCP Connection(7)-127.0.0.1] o.s.web.servlet.DispatcherServlet        : Initializing Servlet 'dispatcherServlet'
2025-11-27T11:21:19.908+05:30  INFO 5708 --- [UniversityManagementSystem] [RMI TCP Connection(7)-127.0.0.1] o.s.web.servlet.DispatcherServlet        : Completed initialization in 2 ms
2025-11-27T11:27:47.289+05:30  INFO 5708 --- [UniversityManagementSystem] [RMI TCP Connection(18)-127.0.0.1] inMXBeanRegistrar$SpringApplicationAdmin : Application shutdown requested.
2025-11-27T11:27:47.295+05:30  INFO 5708 --- [UniversityManagementSystem] [RMI TCP Connection(18)-127.0.0.1] o.s.b.w.e.tomcat.GracefulShutdown        : Commencing graceful shutdown. Waiting for active requests to complete
2025-11-27T11:27:47.306+05:30  INFO 5708 --- [UniversityManagementSystem] [tomcat-shutdown] o.s.b.w.e.tomcat.GracefulShutdown        : Graceful shutdown complete
2025-11-27T11:27:47.313+05:30  INFO 5708 --- [UniversityManagementSystem] [RMI TCP Connection(18)-127.0.0.1] j.LocalContainerEntityManagerFactoryBean : Closing JPA EntityManagerFactory for persistence unit 'default'
2025-11-27T11:27:47.317+05:30  INFO 5708 --- [UniversityManagementSystem] [RMI TCP Connection(18)-127.0.0.1] com.zaxxer.hikari.HikariDataSource       : HikariPool-1 - Shutdown initiated...
2025-11-27T11:27:47.331+05:30  INFO 5708 --- [UniversityManagementSystem] [RMI TCP Connection(18)-127.0.0.1] com.zaxxer.hikari.HikariDataSource       : HikariPool-1 - Shutdown completed.
2025-11-27T11:29:47.480+05:30  INFO 21076 --- [UniversityManagementSystem] [main] .d.UniversityManagementSystemApplication : Starting UniversityManagementSystemApplication using Java 21.0.7 with PID 21076 (C:\Users\prera\Desktop\java Programs\UniversityManagementSystem\target\classes started by prera in C:\Users\prera\Desktop\java Programs\UniversityManagementSystem)
2025-11-27T11:29:47.483+05:30  INFO 21076 --- [UniversityManagementSystem] [main] .d.UniversityManagementSystemApplication : No active profile set, falling back to 1 default profile: "default"
2025-11-27T11:29:49.594+05:30  INFO 21076 --- [UniversityManagementSystem] [main] .s.d.r.c.RepositoryConfigurationDelegate : Bootstrapping Spring Data JPA repositories in DEFAULT mode.
2025-11-27T11:29:49.864+05:30  INFO 21076 --- [UniversityManagementSystem] [main] .s.d.r.c.RepositoryConfigurationDelegate : Finished Spring Data repository scanning in 243 ms. Found 5 JPA repository interfaces.
2025-11-27T11:29:51.065+05:30  INFO 21076 --- [UniversityManagementSystem] [main] o.s.b.w.embedded.tomcat.TomcatWebServer  : Tomcat initialized with port 8080 (http)
2025-11-27T11:29:51.096+05:30  INFO 21076 --- [UniversityManagementSystem] [main] o.apache.catalina.core.StandardService   : Starting service [Tomcat]
2025-11-27T11:29:51.097+05:30  INFO 21076 --- [UniversityManagementSystem] [main] o.apache.catalina.core.StandardEngine    : Starting Servlet engine: [Apache Tomcat/10.1.49]
2025-11-27T11:29:51.255+05:30  INFO 21076 --- [UniversityManagementSystem] [main] o.a.c.c.C.[Tomcat].[localhost].[/]       : Initializing Spring embedded WebApplicationContext
2025-11-27T11:29:51.257+05:30  INFO 21076 --- [UniversityManagementSystem] [main] w.s.c.ServletWebServerApplicationContext : Root WebApplicationContext: initialization completed in 3707 ms
2025-11-27T11:29:52.158+05:30  INFO 21076 --- [UniversityManagementSystem] [main] o.hibernate.jpa.internal.util.LogHelper  : HHH000204: Processing PersistenceUnitInfo [name: default]
2025-11-27T11:29:52.357+05:30  INFO 21076 --- [UniversityManagementSystem] [main] org.hibernate.Version                    : HHH000412: Hibernate ORM core version 6.6.36.Final
2025-11-27T11:29:52.469+05:30  INFO 21076 --- [UniversityManagementSystem] [main] o.h.c.internal.RegionFactoryInitiator    : HHH000026: Second-level cache disabled
2025-11-27T11:29:53.140+05:30  INFO 21076 --- [UniversityManagementSystem] [main] o.s.o.j.p.SpringPersistenceUnitInfo      : No LoadTimeWeaver setup: ignoring JPA class transformer
2025-11-27T11:29:53.249+05:30  INFO 21076 --- [UniversityManagementSystem] [main] com.zaxxer.hikari.HikariDataSource       : HikariPool-1 - Starting...
2025-11-27T11:29:53.884+05:30  INFO 21076 --- [UniversityManagementSystem] [main] com.zaxxer.hikari.pool.HikariPool        : HikariPool-1 - Added connection org.postgresql.jdbc.PgConnection@54997f67
2025-11-27T11:29:53.888+05:30  INFO 21076 --- [UniversityManagementSystem] [main] com.zaxxer.hikari.HikariDataSource       : HikariPool-1 - Start completed.
2025-11-27T11:29:53.967+05:30  WARN 21076 --- [UniversityManagementSystem] [main] org.hibernate.orm.deprecation            : HHH90000025: PostgreSQLDialect does not need to be specified explicitly using 'hibernate.dialect' (remove the property setting and it will be selected by default)
2025-11-27T11:29:54.020+05:30  INFO 21076 --- [UniversityManagementSystem] [main] org.hibernate.orm.connections.pooling    : HHH10001005: Database info:
	Database JDBC URL [Connecting through datasource 'HikariDataSource (HikariPool-1)']
	Database driver: undefined/unknown
	Database version: 17.5
	Autocommit mode: undefined/unknown
	Isolation level: undefined/unknown
	Minimum pool size: undefined/unknown
	Maximum pool size: undefined/unknown
2025-11-27T11:29:56.717+05:30  INFO 21076 --- [UniversityManagementSystem] [main] o.h.e.t.j.p.i.JtaPlatformInitiator       : HHH000489: No JTA platform available (set 'hibernate.transaction.jta.platform' to enable JTA platform integration)
2025-11-27T11:29:57.092+05:30  INFO 21076 --- [UniversityManagementSystem] [main] j.LocalContainerEntityManagerFactoryBean : Initialized JPA EntityManagerFactory for persistence unit 'default'
2025-11-27T11:29:58.145+05:30  WARN 21076 --- [UniversityManagementSystem] [main] JpaBaseConfiguration$JpaWebConfiguration : spring.jpa.open-in-view is enabled by default. Therefore, database queries may be performed during view rendering. Explicitly configure spring.jpa.open-in-view to disable this warning
2025-11-27T11:29:59.244+05:30  INFO 21076 --- [UniversityManagementSystem] [main] o.s.b.a.e.web.EndpointLinksResolver      : Exposing 1 endpoint beneath base path '/actuator'
2025-11-27T11:29:59.432+05:30  INFO 21076 --- [UniversityManagementSystem] [main] o.s.b.w.embedded.tomcat.TomcatWebServer  : Tomcat started on port 8080 (http) with context path '/'
2025-11-27T11:29:59.457+05:30  INFO 21076 --- [UniversityManagementSystem] [main] .d.UniversityManagementSystemApplication : Started UniversityManagementSystemApplication in 12.662 seconds (process running for 13.596)
2025-11-27T11:30:00.145+05:30  INFO 21076 --- [UniversityManagementSystem] [RMI TCP Connection(10)-127.0.0.1] o.a.c.c.C.[Tomcat].[localhost].[/]       : Initializing Spring DispatcherServlet 'dispatcherServlet'
2025-11-27T11:30:00.146+05:30  INFO 21076 --- [UniversityManagementSystem] [RMI TCP Connection(10)-127.0.0.1] o.s.web.servlet.DispatcherServlet        : Initializing Servlet 'dispatcherServlet'
2025-11-27T11:30:00.148+05:30  INFO 21076 --- [UniversityManagementSystem] [RMI TCP Connection(10)-127.0.0.1] o.s.web.servlet.DispatcherServlet        : Completed initialization in 2 ms
2025-11-27T11:30:05.411+05:30  INFO 21076 --- [UniversityManagementSystem] [http-nio-8080-exec-2] c.example.demo.Service.StudentService    : student data saved successfully
2025-11-27T11:30:27.043+05:30  INFO 21076 --- [UniversityManagementSystem] [http-nio-8080-exec-3] c.example.demo.Service.StudentService    : getting student by id:1
2025-11-27T11:30:27.160+05:30  INFO 21076 --- [UniversityManagementSystem] [http-nio-8080-exec-3] c.example.demo.Service.StudentService    : student found by id:1
2025-11-27T11:30:38.750+05:30  INFO 21076 --- [UniversityManagementSystem] [http-nio-8080-exec-4] c.example.demo.Service.StudentService    : finding student by name:prerna
2025-11-27T11:30:38.750+05:30  INFO 21076 --- [UniversityManagementSystem] [http-nio-8080-exec-4] c.example.demo.Service.StudentService    : found student by name:prerna
2025-11-27T11:30:58.233+05:30  INFO 21076 --- [UniversityManagementSystem] [http-nio-8080-exec-5] c.example.demo.Service.ProfessorService  : professor data is adding
2025-11-27T11:30:58.243+05:30  INFO 21076 --- [UniversityManagementSystem] [http-nio-8080-exec-5] c.example.demo.Service.ProfessorService  : professor data added successfully
2025-11-27T11:31:19.170+05:30  INFO 21076 --- [UniversityManagementSystem] [http-nio-8080-exec-6] c.example.demo.Service.ProfessorService  : finding professor by id:1
2025-11-27T11:31:19.176+05:30  INFO 21076 --- [UniversityManagementSystem] [http-nio-8080-exec-6] c.example.demo.Service.ProfessorService  : professor found by id:1
2025-11-27T11:31:41.245+05:30  INFO 21076 --- [UniversityManagementSystem] [http-nio-8080-exec-9] c.example.demo.Service.ProfessorService  : finding professor by department:CS
2025-11-27T11:31:41.246+05:30  INFO 21076 --- [UniversityManagementSystem] [http-nio-8080-exec-9] c.example.demo.Service.ProfessorService  : found professor by department:CS
2025-11-27T11:32:00.402+05:30  INFO 21076 --- [UniversityManagementSystem] [http-nio-8080-exec-10] com.example.demo.Service.CourseService   : adding course data
2025-11-27T11:32:00.449+05:30  INFO 21076 --- [UniversityManagementSystem] [http-nio-8080-exec-10] com.example.demo.Service.CourseService   : course data added successfully
2025-11-27T11:32:44.068+05:30  INFO 21076 --- [UniversityManagementSystem] [http-nio-8080-exec-4] c.e.demo.Service.AssignmentService       : adding assignment data
2025-11-27T11:32:44.097+05:30  INFO 21076 --- [UniversityManagementSystem] [http-nio-8080-exec-4] c.e.demo.Service.AssignmentService       : assignment data added successfully
2025-11-27T11:33:02.291+05:30  INFO 21076 --- [UniversityManagementSystem] [http-nio-8080-exec-5] c.e.demo.Service.AssignmentService       : finding assignment by id
2025-11-27T11:33:02.301+05:30  INFO 21076 --- [UniversityManagementSystem] [http-nio-8080-exec-5] c.e.demo.Service.AssignmentService       : assignment found by id:1
2025-11-27T11:35:10.528+05:30  INFO 21076 --- [UniversityManagementSystem] [http-nio-8080-exec-8] c.e.demo.Service.SubmissionService       : submission data is adding
2025-11-27T11:35:10.557+05:30  INFO 21076 --- [UniversityManagementSystem] [http-nio-8080-exec-8] c.e.demo.Service.SubmissionService       : submission data added successfully
2025-11-27T11:35:29.639+05:30  INFO 21076 --- [UniversityManagementSystem] [http-nio-8080-exec-9] c.e.demo.Service.SubmissionService       : getting submission by id:1
2025-11-27T11:35:29.650+05:30  INFO 21076 --- [UniversityManagementSystem] [http-nio-8080-exec-9] c.e.demo.Service.SubmissionService       : found submission by id:1
2025-11-27T11:35:56.684+05:30  INFO 21076 --- [UniversityManagementSystem] [Thread-1] o.s.b.w.e.tomcat.GracefulShutdown        : Commencing graceful shutdown. Waiting for active requests to complete
2025-11-27T11:35:56.715+05:30  INFO 21076 --- [UniversityManagementSystem] [tomcat-shutdown] o.s.b.w.e.tomcat.GracefulShutdown        : Graceful shutdown complete
2025-11-27T11:35:56.726+05:30  INFO 21076 --- [UniversityManagementSystem] [Thread-1] j.LocalContainerEntityManagerFactoryBean : Closing JPA EntityManagerFactory for persistence unit 'default'
2025-11-27T11:35:56.731+05:30  INFO 21076 --- [UniversityManagementSystem] [Thread-1] com.zaxxer.hikari.HikariDataSource       : HikariPool-1 - Shutdown initiated...
2025-11-27T11:35:56.741+05:30  INFO 21076 --- [UniversityManagementSystem] [Thread-1] com.zaxxer.hikari.HikariDataSource       : HikariPool-1 - Shutdown completed.
2025-11-27T14:18:29.292+05:30  INFO 16360 --- [UniversityManagementSystem] [main] .d.UniversityManagementSystemApplication : Starting UniversityManagementSystemApplication using Java 21.0.7 with PID 16360 (C:\Users\prera\Desktop\java Programs\UniversityManagementSystem\target\classes started by prera in C:\Users\prera\Desktop\java Programs\UniversityManagementSystem)
2025-11-27T14:18:29.304+05:30  INFO 16360 --- [UniversityManagementSystem] [main] .d.UniversityManagementSystemApplication : No active profile set, falling back to 1 default profile: "default"
2025-11-27T14:18:34.398+05:30  INFO 16360 --- [UniversityManagementSystem] [main] .s.d.r.c.RepositoryConfigurationDelegate : Bootstrapping Spring Data JPA repositories in DEFAULT mode.
2025-11-27T14:18:34.704+05:30  INFO 16360 --- [UniversityManagementSystem] [main] .s.d.r.c.RepositoryConfigurationDelegate : Finished Spring Data repository scanning in 270 ms. Found 5 JPA repository interfaces.
2025-11-27T14:18:36.263+05:30  INFO 16360 --- [UniversityManagementSystem] [main] o.s.b.w.embedded.tomcat.TomcatWebServer  : Tomcat initialized with port 8080 (http)
2025-11-27T14:18:36.327+05:30  INFO 16360 --- [UniversityManagementSystem] [main] o.apache.catalina.core.StandardService   : Starting service [Tomcat]
2025-11-27T14:18:36.330+05:30  INFO 16360 --- [UniversityManagementSystem] [main] o.apache.catalina.core.StandardEngine    : Starting Servlet engine: [Apache Tomcat/10.1.49]
2025-11-27T14:18:36.630+05:30  INFO 16360 --- [UniversityManagementSystem] [main] o.a.c.c.C.[Tomcat].[localhost].[/]       : Initializing Spring embedded WebApplicationContext
2025-11-27T14:18:36.631+05:30  INFO 16360 --- [UniversityManagementSystem] [main] w.s.c.ServletWebServerApplicationContext : Root WebApplicationContext: initialization completed in 7007 ms
2025-11-27T14:18:37.687+05:30  INFO 16360 --- [UniversityManagementSystem] [main] o.hibernate.jpa.internal.util.LogHelper  : HHH000204: Processing PersistenceUnitInfo [name: default]
2025-11-27T14:18:38.011+05:30  INFO 16360 --- [UniversityManagementSystem] [main] org.hibernate.Version                    : HHH000412: Hibernate ORM core version 6.6.36.Final
2025-11-27T14:18:38.223+05:30  INFO 16360 --- [UniversityManagementSystem] [main] o.h.c.internal.RegionFactoryInitiator    : HHH000026: Second-level cache disabled
2025-11-27T14:18:39.638+05:30  INFO 16360 --- [UniversityManagementSystem] [main] o.s.o.j.p.SpringPersistenceUnitInfo      : No LoadTimeWeaver setup: ignoring JPA class transformer
2025-11-27T14:18:39.813+05:30  INFO 16360 --- [UniversityManagementSystem] [main] com.zaxxer.hikari.HikariDataSource       : HikariPool-1 - Starting...
2025-11-27T14:18:40.893+05:30  INFO 16360 --- [UniversityManagementSystem] [main] com.zaxxer.hikari.pool.HikariPool        : HikariPool-1 - Added connection org.postgresql.jdbc.PgConnection@55c46ec1
2025-11-27T14:18:40.903+05:30  INFO 16360 --- [UniversityManagementSystem] [main] com.zaxxer.hikari.HikariDataSource       : HikariPool-1 - Start completed.
2025-11-27T14:18:41.125+05:30  WARN 16360 --- [UniversityManagementSystem] [main] org.hibernate.orm.deprecation            : HHH90000025: PostgreSQLDialect does not need to be specified explicitly using 'hibernate.dialect' (remove the property setting and it will be selected by default)
2025-11-27T14:18:41.186+05:30  INFO 16360 --- [UniversityManagementSystem] [main] org.hibernate.orm.connections.pooling    : HHH10001005: Database info:
	Database JDBC URL [Connecting through datasource 'HikariDataSource (HikariPool-1)']
	Database driver: undefined/unknown
	Database version: 17.5
	Autocommit mode: undefined/unknown
	Isolation level: undefined/unknown
	Minimum pool size: undefined/unknown
	Maximum pool size: undefined/unknown
2025-11-27T14:18:44.736+05:30  INFO 16360 --- [UniversityManagementSystem] [main] o.h.e.t.j.p.i.JtaPlatformInitiator       : HHH000489: No JTA platform available (set 'hibernate.transaction.jta.platform' to enable JTA platform integration)
2025-11-27T14:18:45.499+05:30  INFO 16360 --- [UniversityManagementSystem] [main] j.LocalContainerEntityManagerFactoryBean : Initialized JPA EntityManagerFactory for persistence unit 'default'
2025-11-27T14:18:46.893+05:30  WARN 16360 --- [UniversityManagementSystem] [main] JpaBaseConfiguration$JpaWebConfiguration : spring.jpa.open-in-view is enabled by default. Therefore, database queries may be performed during view rendering. Explicitly configure spring.jpa.open-in-view to disable this warning
2025-11-27T14:18:48.827+05:30  INFO 16360 --- [UniversityManagementSystem] [main] o.s.b.a.e.web.EndpointLinksResolver      : Exposing 1 endpoint beneath base path '/actuator'
2025-11-27T14:18:49.182+05:30  INFO 16360 --- [UniversityManagementSystem] [main] o.s.b.w.embedded.tomcat.TomcatWebServer  : Tomcat started on port 8080 (http) with context path '/'
2025-11-27T14:18:49.245+05:30  INFO 16360 --- [UniversityManagementSystem] [main] .d.UniversityManagementSystemApplication : Started UniversityManagementSystemApplication in 23.179 seconds (process running for 28.201)
2025-11-27T14:18:51.960+05:30  INFO 16360 --- [UniversityManagementSystem] [RMI TCP Connection(10)-127.0.0.1] o.a.c.c.C.[Tomcat].[localhost].[/]       : Initializing Spring DispatcherServlet 'dispatcherServlet'
2025-11-27T14:18:51.962+05:30  INFO 16360 --- [UniversityManagementSystem] [RMI TCP Connection(10)-127.0.0.1] o.s.web.servlet.DispatcherServlet        : Initializing Servlet 'dispatcherServlet'
2025-11-27T14:18:51.973+05:30  INFO 16360 --- [UniversityManagementSystem] [RMI TCP Connection(10)-127.0.0.1] o.s.web.servlet.DispatcherServlet        : Completed initialization in 10 ms
2025-11-27T14:19:27.922+05:30  INFO 16360 --- [UniversityManagementSystem] [http-nio-8080-exec-1] c.example.demo.Service.StudentService    : student data saved successfully
2025-11-27T14:19:50.515+05:30  INFO 16360 --- [UniversityManagementSystem] [http-nio-8080-exec-3] c.example.demo.Service.StudentService    : finding student by name:ram
2025-11-27T14:19:50.517+05:30  INFO 16360 --- [UniversityManagementSystem] [http-nio-8080-exec-3] c.example.demo.Service.StudentService    : found student by name:ram
2025-11-27T14:20:04.118+05:30  INFO 16360 --- [UniversityManagementSystem] [http-nio-8080-exec-4] c.example.demo.Service.StudentService    : getting student by id:2
2025-11-27T14:20:04.388+05:30  INFO 16360 --- [UniversityManagementSystem] [http-nio-8080-exec-4] c.example.demo.Service.StudentService    : student found by id:2
2025-11-27T14:20:46.183+05:30  INFO 16360 --- [UniversityManagementSystem] [http-nio-8080-exec-5] c.example.demo.Service.ProfessorService  : professor data is adding
2025-11-27T14:20:46.234+05:30  INFO 16360 --- [UniversityManagementSystem] [http-nio-8080-exec-5] c.example.demo.Service.ProfessorService  : professor data added successfully
2025-11-27T14:21:23.041+05:30  INFO 16360 --- [UniversityManagementSystem] [http-nio-8080-exec-6] c.example.demo.Service.ProfessorService  : finding professor by department:IT
2025-11-27T14:21:23.047+05:30  INFO 16360 --- [UniversityManagementSystem] [http-nio-8080-exec-6] c.example.demo.Service.ProfessorService  : found professor by department:IT
2025-11-27T14:21:37.100+05:30  INFO 16360 --- [UniversityManagementSystem] [http-nio-8080-exec-7] c.example.demo.Service.ProfessorService  : finding professor by id:2
2025-11-27T14:21:37.120+05:30  INFO 16360 --- [UniversityManagementSystem] [http-nio-8080-exec-7] c.example.demo.Service.ProfessorService  : professor found by id:2
2025-11-27T14:22:10.522+05:30  INFO 16360 --- [UniversityManagementSystem] [http-nio-8080-exec-8] com.example.demo.Service.CourseService   : adding course data
2025-11-27T14:22:10.722+05:30  INFO 16360 --- [UniversityManagementSystem] [http-nio-8080-exec-8] com.example.demo.Service.CourseService   : course data added successfully
2025-11-27T14:23:43.245+05:30  INFO 16360 --- [UniversityManagementSystem] [http-nio-8080-exec-1] c.e.demo.Service.AssignmentService       : adding assignment data
2025-11-27T14:23:43.315+05:30  INFO 16360 --- [UniversityManagementSystem] [http-nio-8080-exec-1] c.e.demo.Service.AssignmentService       : assignment data added successfully
2025-11-27T14:24:00.330+05:30  INFO 16360 --- [UniversityManagementSystem] [http-nio-8080-exec-3] c.e.demo.Service.AssignmentService       : finding assignment by id
2025-11-27T14:24:00.413+05:30  INFO 16360 --- [UniversityManagementSystem] [http-nio-8080-exec-3] c.e.demo.Service.AssignmentService       : assignment found by id:2
2025-11-27T14:24:32.103+05:30  INFO 16360 --- [UniversityManagementSystem] [http-nio-8080-exec-4] c.e.demo.Service.SubmissionService       : submission data is adding
2025-11-27T14:24:32.226+05:30  INFO 16360 --- [UniversityManagementSystem] [http-nio-8080-exec-4] c.e.demo.Service.SubmissionService       : submission data added successfully
2025-11-27T14:24:47.245+05:30  INFO 16360 --- [UniversityManagementSystem] [http-nio-8080-exec-5] c.e.demo.Service.SubmissionService       : getting submission by id:2
2025-11-27T14:24:47.294+05:30  INFO 16360 --- [UniversityManagementSystem] [http-nio-8080-exec-5] c.e.demo.Service.SubmissionService       : found submission by id:2
2025-11-27T14:26:51.051+05:30  INFO 16360 --- [UniversityManagementSystem] [Thread-1] o.s.b.w.e.tomcat.GracefulShutdown        : Commencing graceful shutdown. Waiting for active requests to complete
2025-11-27T14:26:51.152+05:30  INFO 16360 --- [UniversityManagementSystem] [tomcat-shutdown] o.s.b.w.e.tomcat.GracefulShutdown        : Graceful shutdown complete
2025-11-27T14:26:51.273+05:30  INFO 16360 --- [UniversityManagementSystem] [Thread-1] j.LocalContainerEntityManagerFactoryBean : Closing JPA EntityManagerFactory for persistence unit 'default'
2025-11-27T14:26:51.374+05:30  INFO 16360 --- [UniversityManagementSystem] [Thread-1] com.zaxxer.hikari.HikariDataSource       : HikariPool-1 - Shutdown initiated...
2025-11-27T14:26:51.471+05:30  INFO 16360 --- [UniversityManagementSystem] [Thread-1] com.zaxxer.hikari.HikariDataSource       : HikariPool-1 - Shutdown completed.
